{"C:\\study\\HK2-Nam4\\TichHopNangCao\\BaiTapLon\\MobileStore_BE\\src\\models\\OrderProduct.js": {"path":"C:\\study\\HK2-Nam4\\TichHopNangCao\\BaiTapLon\\MobileStore_BE\\src\\models\\OrderProduct.js","statementMap":{"0":{"start":{"line":3,"column":20},"end":{"line":56,"column":6}},"1":{"start":{"line":58,"column":14},"end":{"line":58,"column":50}}},"fnMap":{},"branchMap":{},"s":{"0":1,"1":1},"f":{},"b":{},"_coverageSchema":"1a1c01bbd47fc00a2c39e90264f33305004495a9","hash":"7a4f696e2b8011fc9c6b0289f71c668c4e63dd2b"}
,"C:\\study\\HK2-Nam4\\TichHopNangCao\\BaiTapLon\\MobileStore_BE\\src\\models\\ProductModel.js": {"path":"C:\\study\\HK2-Nam4\\TichHopNangCao\\BaiTapLon\\MobileStore_BE\\src\\models\\ProductModel.js","statementMap":{"0":{"start":{"line":3,"column":22},"end":{"line":23,"column":1}},"1":{"start":{"line":25,"column":16},"end":{"line":25,"column":56}},"2":{"start":{"line":26,"column":0},"end":{"line":26,"column":25}}},"fnMap":{},"branchMap":{},"s":{"0":2,"1":2,"2":2},"f":{},"b":{},"_coverageSchema":"1a1c01bbd47fc00a2c39e90264f33305004495a9","hash":"b8e60ed167cd2e251dddca1ebba29f99259c1237"}
,"C:\\study\\HK2-Nam4\\TichHopNangCao\\BaiTapLon\\MobileStore_BE\\src\\models\\UserModel.js": {"path":"C:\\study\\HK2-Nam4\\TichHopNangCao\\BaiTapLon\\MobileStore_BE\\src\\models\\UserModel.js","statementMap":{"0":{"start":{"line":3,"column":19},"end":{"line":17,"column":1}},"1":{"start":{"line":19,"column":13},"end":{"line":19,"column":47}},"2":{"start":{"line":20,"column":0},"end":{"line":20,"column":22}}},"fnMap":{},"branchMap":{},"s":{"0":2,"1":2,"2":2},"f":{},"b":{},"_coverageSchema":"1a1c01bbd47fc00a2c39e90264f33305004495a9","hash":"7da61feb3b3f464c70470ddb23d18b86e078dc04"}
,"C:\\study\\HK2-Nam4\\TichHopNangCao\\BaiTapLon\\MobileStore_BE\\src\\services\\emailAPIService.js": {"path":"C:\\study\\HK2-Nam4\\TichHopNangCao\\BaiTapLon\\MobileStore_BE\\src\\services\\emailAPIService.js","statementMap":{"0":{"start":{"line":1,"column":0},"end":{"line":1,"column":27}},"1":{"start":{"line":4,"column":25},"end":{"line":25,"column":1}},"2":{"start":{"line":5,"column":4},"end":{"line":24,"column":2}},"3":{"start":{"line":27,"column":24},"end":{"line":45,"column":1}},"4":{"start":{"line":29,"column":24},"end":{"line":37,"column":6}},"5":{"start":{"line":39,"column":17},"end":{"line":44,"column":6}},"6":{"start":{"line":95,"column":0},"end":{"line":95,"column":54}}},"fnMap":{"0":{"name":"(anonymous_0)","decl":{"start":{"line":4,"column":25},"end":{"line":4,"column":26}},"loc":{"start":{"line":4,"column":39},"end":{"line":25,"column":1}},"line":4},"1":{"name":"(anonymous_1)","decl":{"start":{"line":27,"column":24},"end":{"line":27,"column":25}},"loc":{"start":{"line":27,"column":44},"end":{"line":45,"column":1}},"line":27}},"branchMap":{"0":{"loc":{"start":{"line":18,"column":41},"end":{"line":18,"column":122}},"type":"cond-expr","locations":[{"start":{"line":18,"column":73},"end":{"line":18,"column":97}},{"start":{"line":18,"column":100},"end":{"line":18,"column":122}}],"line":18},"1":{"loc":{"start":{"line":19,"column":40},"end":{"line":19,"column":150}},"type":"cond-expr","locations":[{"start":{"line":19,"column":76},"end":{"line":19,"column":116}},{"start":{"line":19,"column":119},"end":{"line":19,"column":150}}],"line":19},"2":{"loc":{"start":{"line":20,"column":28},"end":{"line":20,"column":93}},"type":"cond-expr","locations":[{"start":{"line":20,"column":55},"end":{"line":20,"column":72}},{"start":{"line":20,"column":75},"end":{"line":20,"column":93}}],"line":20}},"s":{"0":2,"1":2,"2":3,"3":2,"4":2,"5":2,"6":2},"f":{"0":3,"1":2},"b":{"0":[2,1],"1":[2,1],"2":[2,1]},"_coverageSchema":"1a1c01bbd47fc00a2c39e90264f33305004495a9","hash":"2c048e62ce3eeb3147ed4c4c0ca9b6aa974e079b"}
,"C:\\study\\HK2-Nam4\\TichHopNangCao\\BaiTapLon\\MobileStore_BE\\src\\services\\orderAPIService.js": {"path":"C:\\study\\HK2-Nam4\\TichHopNangCao\\BaiTapLon\\MobileStore_BE\\src\\services\\orderAPIService.js","statementMap":{"0":{"start":{"line":8,"column":21},"end":{"line":31,"column":1}},"1":{"start":{"line":9,"column":4},"end":{"line":30,"column":5}},"2":{"start":{"line":10,"column":27},"end":{"line":10,"column":66}},"3":{"start":{"line":11,"column":8},"end":{"line":17,"column":9}},"4":{"start":{"line":12,"column":12},"end":{"line":16,"column":14}},"5":{"start":{"line":18,"column":8},"end":{"line":22,"column":10}},"6":{"start":{"line":24,"column":8},"end":{"line":24,"column":67}},"7":{"start":{"line":25,"column":8},"end":{"line":29,"column":10}},"8":{"start":{"line":33,"column":23},"end":{"line":117,"column":1}},"9":{"start":{"line":34,"column":4},"end":{"line":116,"column":5}},"10":{"start":{"line":38,"column":12},"end":{"line":38,"column":19}},"11":{"start":{"line":40,"column":8},"end":{"line":47,"column":9}},"12":{"start":{"line":42,"column":12},"end":{"line":46,"column":14}},"13":{"start":{"line":49,"column":32},"end":{"line":49,"column":34}},"14":{"start":{"line":51,"column":8},"end":{"line":73,"column":9}},"15":{"start":{"line":52,"column":46},"end":{"line":52,"column":50}},"16":{"start":{"line":53,"column":12},"end":{"line":54,"column":92}},"17":{"start":{"line":54,"column":16},"end":{"line":54,"column":92}},"18":{"start":{"line":56,"column":12},"end":{"line":72,"column":13}},"19":{"start":{"line":57,"column":36},"end":{"line":66,"column":17}},"20":{"start":{"line":68,"column":16},"end":{"line":68,"column":61}},"21":{"start":{"line":68,"column":34},"end":{"line":68,"column":61}},"22":{"start":{"line":70,"column":16},"end":{"line":70,"column":75}},"23":{"start":{"line":71,"column":16},"end":{"line":71,"column":43}},"24":{"start":{"line":75,"column":8},"end":{"line":75,"column":85}},"25":{"start":{"line":75,"column":47},"end":{"line":75,"column":83}},"26":{"start":{"line":76,"column":8},"end":{"line":76,"column":73}},"27":{"start":{"line":76,"column":67},"end":{"line":76,"column":71}},"28":{"start":{"line":78,"column":8},"end":{"line":84,"column":9}},"29":{"start":{"line":79,"column":12},"end":{"line":83,"column":14}},"30":{"start":{"line":86,"column":21},"end":{"line":96,"column":9}},"31":{"start":{"line":98,"column":25},"end":{"line":98,"column":40}},"32":{"start":{"line":99,"column":8},"end":{"line":99,"column":30}},"33":{"start":{"line":100,"column":8},"end":{"line":100,"column":66}},"34":{"start":{"line":102,"column":8},"end":{"line":108,"column":10}},"35":{"start":{"line":110,"column":8},"end":{"line":110,"column":69}},"36":{"start":{"line":111,"column":8},"end":{"line":115,"column":10}},"37":{"start":{"line":119,"column":26},"end":{"line":136,"column":1}},"38":{"start":{"line":120,"column":4},"end":{"line":135,"column":5}},"39":{"start":{"line":121,"column":8},"end":{"line":121,"column":81}},"40":{"start":{"line":121,"column":21},"end":{"line":121,"column":81}},"41":{"start":{"line":122,"column":8},"end":{"line":122,"column":96}},"42":{"start":{"line":122,"column":45},"end":{"line":122,"column":96}},"43":{"start":{"line":124,"column":27},"end":{"line":124,"column":80}},"44":{"start":{"line":125,"column":8},"end":{"line":127,"column":85}},"45":{"start":{"line":129,"column":8},"end":{"line":129,"column":72}},"46":{"start":{"line":130,"column":8},"end":{"line":134,"column":10}},"47":{"start":{"line":138,"column":23},"end":{"line":162,"column":1}},"48":{"start":{"line":139,"column":4},"end":{"line":161,"column":5}},"49":{"start":{"line":140,"column":8},"end":{"line":141,"column":72}},"50":{"start":{"line":141,"column":12},"end":{"line":141,"column":72}},"51":{"start":{"line":143,"column":8},"end":{"line":144,"column":81}},"52":{"start":{"line":144,"column":12},"end":{"line":144,"column":81}},"53":{"start":{"line":146,"column":21},"end":{"line":146,"column":96}},"54":{"start":{"line":147,"column":22},"end":{"line":149,"column":101}},"55":{"start":{"line":151,"column":8},"end":{"line":153,"column":62}},"56":{"start":{"line":155,"column":8},"end":{"line":155,"column":69}},"57":{"start":{"line":156,"column":8},"end":{"line":160,"column":10}},"58":{"start":{"line":164,"column":20},"end":{"line":211,"column":1}},"59":{"start":{"line":165,"column":4},"end":{"line":210,"column":5}},"60":{"start":{"line":166,"column":8},"end":{"line":167,"column":72}},"61":{"start":{"line":167,"column":12},"end":{"line":167,"column":72}},"62":{"start":{"line":169,"column":8},"end":{"line":170,"column":63}},"63":{"start":{"line":170,"column":12},"end":{"line":170,"column":63}},"64":{"start":{"line":172,"column":21},"end":{"line":172,"column":96}},"65":{"start":{"line":173,"column":29},"end":{"line":175,"column":74}},"66":{"start":{"line":177,"column":8},"end":{"line":198,"column":9}},"67":{"start":{"line":178,"column":35},"end":{"line":178,"column":47}},"68":{"start":{"line":179,"column":12},"end":{"line":197,"column":13}},"69":{"start":{"line":180,"column":44},"end":{"line":180,"column":48}},"70":{"start":{"line":181,"column":16},"end":{"line":181,"column":50}},"71":{"start":{"line":181,"column":41},"end":{"line":181,"column":50}},"72":{"start":{"line":183,"column":16},"end":{"line":196,"column":17}},"73":{"start":{"line":184,"column":20},"end":{"line":193,"column":22}},"74":{"start":{"line":195,"column":20},"end":{"line":195,"column":79}},"75":{"start":{"line":200,"column":8},"end":{"line":202,"column":69}},"76":{"start":{"line":204,"column":8},"end":{"line":204,"column":81}},"77":{"start":{"line":205,"column":8},"end":{"line":209,"column":10}},"78":{"start":{"line":213,"column":26},"end":{"line":293,"column":1}},"79":{"start":{"line":214,"column":4},"end":{"line":292,"column":5}},"80":{"start":{"line":216,"column":8},"end":{"line":222,"column":9}},"81":{"start":{"line":217,"column":12},"end":{"line":221,"column":14}},"82":{"start":{"line":225,"column":8},"end":{"line":231,"column":9}},"83":{"start":{"line":226,"column":12},"end":{"line":230,"column":14}},"84":{"start":{"line":234,"column":21},"end":{"line":234,"column":88}},"85":{"start":{"line":235,"column":8},"end":{"line":241,"column":9}},"86":{"start":{"line":236,"column":12},"end":{"line":240,"column":14}},"87":{"start":{"line":244,"column":30},"end":{"line":244,"column":92}},"88":{"start":{"line":245,"column":8},"end":{"line":251,"column":9}},"89":{"start":{"line":246,"column":12},"end":{"line":250,"column":14}},"90":{"start":{"line":254,"column":29},"end":{"line":254,"column":52}},"91":{"start":{"line":255,"column":20},"end":{"line":255,"column":30}},"92":{"start":{"line":256,"column":8},"end":{"line":269,"column":9}},"93":{"start":{"line":258,"column":16},"end":{"line":258,"column":47}},"94":{"start":{"line":259,"column":16},"end":{"line":259,"column":22}},"95":{"start":{"line":261,"column":16},"end":{"line":261,"column":45}},"96":{"start":{"line":262,"column":16},"end":{"line":262,"column":22}},"97":{"start":{"line":264,"column":16},"end":{"line":264,"column":47}},"98":{"start":{"line":265,"column":16},"end":{"line":265,"column":22}},"99":{"start":{"line":267,"column":16},"end":{"line":267,"column":47}},"100":{"start":{"line":268,"column":16},"end":{"line":268,"column":22}},"101":{"start":{"line":272,"column":23},"end":{"line":274,"column":44}},"102":{"start":{"line":276,"column":29},"end":{"line":280,"column":9}},"103":{"start":{"line":282,"column":8},"end":{"line":284,"column":74}},"104":{"start":{"line":286,"column":8},"end":{"line":286,"column":68}},"105":{"start":{"line":287,"column":8},"end":{"line":291,"column":10}},"106":{"start":{"line":297,"column":0},"end":{"line":304,"column":2}}},"fnMap":{"0":{"name":"(anonymous_0)","decl":{"start":{"line":8,"column":21},"end":{"line":8,"column":22}},"loc":{"start":{"line":8,"column":33},"end":{"line":31,"column":1}},"line":8},"1":{"name":"(anonymous_1)","decl":{"start":{"line":33,"column":23},"end":{"line":33,"column":24}},"loc":{"start":{"line":33,"column":42},"end":{"line":117,"column":1}},"line":33},"2":{"name":"(anonymous_2)","decl":{"start":{"line":75,"column":39},"end":{"line":75,"column":40}},"loc":{"start":{"line":75,"column":47},"end":{"line":75,"column":83}},"line":75},"3":{"name":"(anonymous_3)","decl":{"start":{"line":76,"column":36},"end":{"line":76,"column":37}},"loc":{"start":{"line":76,"column":67},"end":{"line":76,"column":71}},"line":76},"4":{"name":"(anonymous_4)","decl":{"start":{"line":119,"column":26},"end":{"line":119,"column":27}},"loc":{"start":{"line":119,"column":44},"end":{"line":136,"column":1}},"line":119},"5":{"name":"(anonymous_5)","decl":{"start":{"line":138,"column":23},"end":{"line":138,"column":24}},"loc":{"start":{"line":138,"column":50},"end":{"line":162,"column":1}},"line":138},"6":{"name":"(anonymous_6)","decl":{"start":{"line":164,"column":20},"end":{"line":164,"column":21}},"loc":{"start":{"line":164,"column":47},"end":{"line":211,"column":1}},"line":164},"7":{"name":"(anonymous_7)","decl":{"start":{"line":213,"column":26},"end":{"line":213,"column":27}},"loc":{"start":{"line":213,"column":61},"end":{"line":293,"column":1}},"line":213}},"branchMap":{"0":{"loc":{"start":{"line":11,"column":8},"end":{"line":17,"column":9}},"type":"if","locations":[{"start":{"line":11,"column":8},"end":{"line":17,"column":9}},{"start":{},"end":{}}],"line":11},"1":{"loc":{"start":{"line":37,"column":57},"end":{"line":37,"column":71}},"type":"default-arg","locations":[{"start":{"line":37,"column":66},"end":{"line":37,"column":71}}],"line":37},"2":{"loc":{"start":{"line":37,"column":73},"end":{"line":37,"column":84}},"type":"default-arg","locations":[{"start":{"line":37,"column":82},"end":{"line":37,"column":84}}],"line":37},"3":{"loc":{"start":{"line":40,"column":8},"end":{"line":47,"column":9}},"type":"if","locations":[{"start":{"line":40,"column":8},"end":{"line":47,"column":9}},{"start":{},"end":{}}],"line":40},"4":{"loc":{"start":{"line":40,"column":12},"end":{"line":41,"column":51}},"type":"binary-expr","locations":[{"start":{"line":40,"column":12},"end":{"line":40,"column":26}},{"start":{"line":40,"column":30},"end":{"line":40,"column":41}},{"start":{"line":40,"column":45},"end":{"line":40,"column":59}},{"start":{"line":40,"column":63},"end":{"line":40,"column":74}},{"start":{"line":40,"column":78},"end":{"line":40,"column":84}},{"start":{"line":40,"column":88},"end":{"line":40,"column":97}},{"start":{"line":40,"column":101},"end":{"line":40,"column":109}},{"start":{"line":41,"column":12},"end":{"line":41,"column":17}},{"start":{"line":41,"column":21},"end":{"line":41,"column":27}},{"start":{"line":41,"column":31},"end":{"line":41,"column":36}},{"start":{"line":41,"column":40},"end":{"line":41,"column":51}}],"line":40},"5":{"loc":{"start":{"line":53,"column":12},"end":{"line":54,"column":92}},"type":"if","locations":[{"start":{"line":53,"column":12},"end":{"line":54,"column":92}},{"start":{},"end":{}}],"line":53},"6":{"loc":{"start":{"line":53,"column":16},"end":{"line":53,"column":35}},"type":"binary-expr","locations":[{"start":{"line":53,"column":16},"end":{"line":53,"column":24}},{"start":{"line":53,"column":28},"end":{"line":53,"column":35}}],"line":53},"7":{"loc":{"start":{"line":68,"column":16},"end":{"line":68,"column":61}},"type":"if","locations":[{"start":{"line":68,"column":16},"end":{"line":68,"column":61}},{"start":{},"end":{}}],"line":68},"8":{"loc":{"start":{"line":78,"column":8},"end":{"line":84,"column":9}},"type":"if","locations":[{"start":{"line":78,"column":8},"end":{"line":84,"column":9}},{"start":{},"end":{}}],"line":78},"9":{"loc":{"start":{"line":103,"column":16},"end":{"line":105,"column":46}},"type":"cond-expr","locations":[{"start":{"line":104,"column":18},"end":{"line":104,"column":123}},{"start":{"line":105,"column":18},"end":{"line":105,"column":46}}],"line":103},"10":{"loc":{"start":{"line":121,"column":8},"end":{"line":121,"column":81}},"type":"if","locations":[{"start":{"line":121,"column":8},"end":{"line":121,"column":81}},{"start":{},"end":{}}],"line":121},"11":{"loc":{"start":{"line":122,"column":8},"end":{"line":122,"column":96}},"type":"if","locations":[{"start":{"line":122,"column":8},"end":{"line":122,"column":96}},{"start":{},"end":{}}],"line":122},"12":{"loc":{"start":{"line":125,"column":15},"end":{"line":127,"column":84}},"type":"cond-expr","locations":[{"start":{"line":126,"column":14},"end":{"line":126,"column":80}},{"start":{"line":127,"column":14},"end":{"line":127,"column":84}}],"line":125},"13":{"loc":{"start":{"line":140,"column":8},"end":{"line":141,"column":72}},"type":"if","locations":[{"start":{"line":140,"column":8},"end":{"line":141,"column":72}},{"start":{},"end":{}}],"line":140},"14":{"loc":{"start":{"line":140,"column":12},"end":{"line":140,"column":31}},"type":"binary-expr","locations":[{"start":{"line":140,"column":12},"end":{"line":140,"column":20}},{"start":{"line":140,"column":24},"end":{"line":140,"column":31}}],"line":140},"15":{"loc":{"start":{"line":143,"column":8},"end":{"line":144,"column":81}},"type":"if","locations":[{"start":{"line":143,"column":8},"end":{"line":144,"column":81}},{"start":{},"end":{}}],"line":143},"16":{"loc":{"start":{"line":143,"column":12},"end":{"line":143,"column":79}},"type":"binary-expr","locations":[{"start":{"line":143,"column":12},"end":{"line":143,"column":44}},{"start":{"line":143,"column":48},"end":{"line":143,"column":79}}],"line":143},"17":{"loc":{"start":{"line":147,"column":22},"end":{"line":149,"column":101}},"type":"cond-expr","locations":[{"start":{"line":148,"column":14},"end":{"line":148,"column":87}},{"start":{"line":149,"column":14},"end":{"line":149,"column":101}}],"line":147},"18":{"loc":{"start":{"line":151,"column":15},"end":{"line":153,"column":61}},"type":"cond-expr","locations":[{"start":{"line":152,"column":14},"end":{"line":152,"column":66}},{"start":{"line":153,"column":14},"end":{"line":153,"column":61}}],"line":151},"19":{"loc":{"start":{"line":166,"column":8},"end":{"line":167,"column":72}},"type":"if","locations":[{"start":{"line":166,"column":8},"end":{"line":167,"column":72}},{"start":{},"end":{}}],"line":166},"20":{"loc":{"start":{"line":166,"column":12},"end":{"line":166,"column":31}},"type":"binary-expr","locations":[{"start":{"line":166,"column":12},"end":{"line":166,"column":20}},{"start":{"line":166,"column":24},"end":{"line":166,"column":31}}],"line":166},"21":{"loc":{"start":{"line":169,"column":8},"end":{"line":170,"column":63}},"type":"if","locations":[{"start":{"line":169,"column":8},"end":{"line":170,"column":63}},{"start":{},"end":{}}],"line":169},"22":{"loc":{"start":{"line":169,"column":12},"end":{"line":169,"column":79}},"type":"binary-expr","locations":[{"start":{"line":169,"column":12},"end":{"line":169,"column":44}},{"start":{"line":169,"column":48},"end":{"line":169,"column":79}}],"line":169},"23":{"loc":{"start":{"line":173,"column":29},"end":{"line":175,"column":74}},"type":"cond-expr","locations":[{"start":{"line":174,"column":14},"end":{"line":174,"column":52}},{"start":{"line":175,"column":14},"end":{"line":175,"column":74}}],"line":173},"24":{"loc":{"start":{"line":177,"column":8},"end":{"line":198,"column":9}},"type":"if","locations":[{"start":{"line":177,"column":8},"end":{"line":198,"column":9}},{"start":{},"end":{}}],"line":177},"25":{"loc":{"start":{"line":181,"column":16},"end":{"line":181,"column":50}},"type":"if","locations":[{"start":{"line":181,"column":16},"end":{"line":181,"column":50}},{"start":{},"end":{}}],"line":181},"26":{"loc":{"start":{"line":181,"column":20},"end":{"line":181,"column":39}},"type":"binary-expr","locations":[{"start":{"line":181,"column":20},"end":{"line":181,"column":28}},{"start":{"line":181,"column":32},"end":{"line":181,"column":39}}],"line":181},"27":{"loc":{"start":{"line":200,"column":15},"end":{"line":202,"column":68}},"type":"cond-expr","locations":[{"start":{"line":201,"column":14},"end":{"line":201,"column":68}},{"start":{"line":202,"column":14},"end":{"line":202,"column":68}}],"line":200},"28":{"loc":{"start":{"line":216,"column":8},"end":{"line":222,"column":9}},"type":"if","locations":[{"start":{"line":216,"column":8},"end":{"line":222,"column":9}},{"start":{},"end":{}}],"line":216},"29":{"loc":{"start":{"line":216,"column":12},"end":{"line":216,"column":42}},"type":"binary-expr","locations":[{"start":{"line":216,"column":12},"end":{"line":216,"column":20}},{"start":{"line":216,"column":24},"end":{"line":216,"column":31}},{"start":{"line":216,"column":35},"end":{"line":216,"column":42}}],"line":216},"30":{"loc":{"start":{"line":225,"column":8},"end":{"line":231,"column":9}},"type":"if","locations":[{"start":{"line":225,"column":8},"end":{"line":231,"column":9}},{"start":{},"end":{}}],"line":225},"31":{"loc":{"start":{"line":225,"column":12},"end":{"line":225,"column":79}},"type":"binary-expr","locations":[{"start":{"line":225,"column":12},"end":{"line":225,"column":44}},{"start":{"line":225,"column":48},"end":{"line":225,"column":79}}],"line":225},"32":{"loc":{"start":{"line":235,"column":8},"end":{"line":241,"column":9}},"type":"if","locations":[{"start":{"line":235,"column":8},"end":{"line":241,"column":9}},{"start":{},"end":{}}],"line":235},"33":{"loc":{"start":{"line":245,"column":8},"end":{"line":251,"column":9}},"type":"if","locations":[{"start":{"line":245,"column":8},"end":{"line":251,"column":9}},{"start":{},"end":{}}],"line":245},"34":{"loc":{"start":{"line":256,"column":8},"end":{"line":269,"column":9}},"type":"switch","locations":[{"start":{"line":257,"column":12},"end":{"line":259,"column":22}},{"start":{"line":260,"column":12},"end":{"line":262,"column":22}},{"start":{"line":263,"column":12},"end":{"line":265,"column":22}},{"start":{"line":266,"column":12},"end":{"line":268,"column":22}}],"line":256},"35":{"loc":{"start":{"line":272,"column":23},"end":{"line":274,"column":44}},"type":"cond-expr","locations":[{"start":{"line":273,"column":14},"end":{"line":273,"column":30}},{"start":{"line":274,"column":14},"end":{"line":274,"column":44}}],"line":272},"36":{"loc":{"start":{"line":282,"column":15},"end":{"line":284,"column":73}},"type":"cond-expr","locations":[{"start":{"line":283,"column":14},"end":{"line":283,"column":83}},{"start":{"line":284,"column":14},"end":{"line":284,"column":73}}],"line":282}},"s":{"0":1,"1":3,"2":3,"3":2,"4":1,"5":1,"6":1,"7":1,"8":1,"9":5,"10":5,"11":5,"12":1,"13":4,"14":4,"15":8,"16":8,"17":0,"18":8,"19":8,"20":8,"21":3,"22":0,"23":0,"24":4,"25":8,"26":4,"27":5,"28":4,"29":1,"30":3,"31":3,"32":3,"33":2,"34":2,"35":1,"36":1,"37":1,"38":5,"39":5,"40":1,"41":4,"42":1,"43":3,"44":2,"45":1,"46":1,"47":1,"48":6,"49":6,"50":1,"51":5,"52":1,"53":4,"54":3,"55":3,"56":1,"57":1,"58":1,"59":6,"60":6,"61":1,"62":5,"63":1,"64":4,"65":3,"66":3,"67":2,"68":2,"69":3,"70":3,"71":0,"72":3,"73":3,"74":0,"75":3,"76":1,"77":1,"78":1,"79":8,"80":8,"81":1,"82":7,"83":1,"84":6,"85":5,"86":1,"87":4,"88":4,"89":1,"90":3,"91":3,"92":3,"93":1,"94":1,"95":1,"96":1,"97":1,"98":1,"99":0,"100":0,"101":3,"102":3,"103":3,"104":1,"105":1,"106":1},"f":{"0":3,"1":5,"2":8,"3":5,"4":5,"5":6,"6":6,"7":8},"b":{"0":[1,1],"1":[1],"2":[1],"3":[1,4],"4":[5,4,4,4,4,4,4,4,4,4,4],"5":[0,8],"6":[8,8],"7":[3,5],"8":[1,3],"9":[1,1],"10":[1,4],"11":[1,3],"12":[1,1],"13":[1,5],"14":[6,5],"15":[1,4],"16":[5,4],"17":[2,1],"18":[2,1],"19":[1,5],"20":[6,5],"21":[1,4],"22":[5,4],"23":[2,1],"24":[2,1],"25":[0,3],"26":[3,3],"27":[2,1],"28":[1,7],"29":[8,7,7],"30":[1,6],"31":[7,6],"32":[1,4],"33":[1,3],"34":[1,1,1,0],"35":[2,1],"36":[2,1]},"_coverageSchema":"1a1c01bbd47fc00a2c39e90264f33305004495a9","hash":"85356bfe819f3f9c9e16e5dcc7c3a9b69ac491e4"}
,"C:\\study\\HK2-Nam4\\TichHopNangCao\\BaiTapLon\\MobileStore_BE\\src\\services\\productAPIService.js": {"path":"C:\\study\\HK2-Nam4\\TichHopNangCao\\BaiTapLon\\MobileStore_BE\\src\\services\\productAPIService.js","statementMap":{"0":{"start":{"line":5,"column":29},"end":{"line":12,"column":1}},"1":{"start":{"line":6,"column":4},"end":{"line":11,"column":5}},"2":{"start":{"line":7,"column":24},"end":{"line":7,"column":65}},"3":{"start":{"line":8,"column":8},"end":{"line":8,"column":25}},"4":{"start":{"line":10,"column":8},"end":{"line":10,"column":70}},"5":{"start":{"line":14,"column":23},"end":{"line":40,"column":1}},"6":{"start":{"line":15,"column":23},"end":{"line":15,"column":25}},"7":{"start":{"line":16,"column":4},"end":{"line":39,"column":5}},"8":{"start":{"line":17,"column":8},"end":{"line":17,"column":76}},"9":{"start":{"line":18,"column":8},"end":{"line":31,"column":9}},"10":{"start":{"line":19,"column":12},"end":{"line":23,"column":13}},"11":{"start":{"line":26,"column":12},"end":{"line":30,"column":13}},"12":{"start":{"line":33,"column":8},"end":{"line":33,"column":69}},"13":{"start":{"line":34,"column":8},"end":{"line":38,"column":9}},"14":{"start":{"line":43,"column":33},"end":{"line":117,"column":1}},"15":{"start":{"line":44,"column":4},"end":{"line":116,"column":5}},"16":{"start":{"line":45,"column":8},"end":{"line":82,"column":9}},"17":{"start":{"line":46,"column":23},"end":{"line":46,"column":41}},"18":{"start":{"line":47,"column":28},"end":{"line":47,"column":58}},"19":{"start":{"line":48,"column":29},"end":{"line":48,"column":57}},"20":{"start":{"line":50,"column":31},"end":{"line":50,"column":33}},"21":{"start":{"line":51,"column":12},"end":{"line":69,"column":13}},"22":{"start":{"line":52,"column":16},"end":{"line":55,"column":28}},"23":{"start":{"line":57,"column":17},"end":{"line":69,"column":13}},"24":{"start":{"line":58,"column":16},"end":{"line":62,"column":28}},"25":{"start":{"line":65,"column":16},"end":{"line":68,"column":28}},"26":{"start":{"line":70,"column":12},"end":{"line":74,"column":14}},"27":{"start":{"line":76,"column":12},"end":{"line":76,"column":75}},"28":{"start":{"line":77,"column":12},"end":{"line":81,"column":14}},"29":{"start":{"line":85,"column":8},"end":{"line":115,"column":9}},"30":{"start":{"line":86,"column":28},"end":{"line":86,"column":58}},"31":{"start":{"line":87,"column":31},"end":{"line":87,"column":33}},"32":{"start":{"line":88,"column":12},"end":{"line":102,"column":28}},"33":{"start":{"line":89,"column":16},"end":{"line":91,"column":28}},"34":{"start":{"line":93,"column":17},"end":{"line":102,"column":28}},"35":{"start":{"line":94,"column":16},"end":{"line":97,"column":28}},"36":{"start":{"line":100,"column":16},"end":{"line":102,"column":28}},"37":{"start":{"line":103,"column":12},"end":{"line":107,"column":14}},"38":{"start":{"line":109,"column":12},"end":{"line":109,"column":75}},"39":{"start":{"line":110,"column":12},"end":{"line":114,"column":14}},"40":{"start":{"line":119,"column":26},"end":{"line":158,"column":1}},"41":{"start":{"line":120,"column":4},"end":{"line":157,"column":5}},"42":{"start":{"line":121,"column":8},"end":{"line":127,"column":9}},"43":{"start":{"line":122,"column":12},"end":{"line":126,"column":13}},"44":{"start":{"line":128,"column":8},"end":{"line":134,"column":9}},"45":{"start":{"line":129,"column":12},"end":{"line":133,"column":13}},"46":{"start":{"line":135,"column":24},"end":{"line":135,"column":88}},"47":{"start":{"line":136,"column":8},"end":{"line":148,"column":9}},"48":{"start":{"line":137,"column":12},"end":{"line":141,"column":14}},"49":{"start":{"line":143,"column":12},"end":{"line":147,"column":13}},"50":{"start":{"line":151,"column":8},"end":{"line":151,"column":72}},"51":{"start":{"line":152,"column":8},"end":{"line":156,"column":9}},"52":{"start":{"line":160,"column":25},"end":{"line":199,"column":1}},"53":{"start":{"line":161,"column":4},"end":{"line":198,"column":5}},"54":{"start":{"line":162,"column":8},"end":{"line":168,"column":9}},"55":{"start":{"line":163,"column":12},"end":{"line":167,"column":13}},"56":{"start":{"line":169,"column":8},"end":{"line":174,"column":9}},"57":{"start":{"line":170,"column":12},"end":{"line":173,"column":13}},"58":{"start":{"line":175,"column":24},"end":{"line":184,"column":10}},"59":{"start":{"line":185,"column":8},"end":{"line":185,"column":29}},"60":{"start":{"line":186,"column":8},"end":{"line":190,"column":9}},"61":{"start":{"line":192,"column":8},"end":{"line":192,"column":71}},"62":{"start":{"line":193,"column":8},"end":{"line":197,"column":9}},"63":{"start":{"line":201,"column":22},"end":{"line":232,"column":1}},"64":{"start":{"line":202,"column":4},"end":{"line":231,"column":5}},"65":{"start":{"line":203,"column":8},"end":{"line":209,"column":9}},"66":{"start":{"line":204,"column":12},"end":{"line":208,"column":14}},"67":{"start":{"line":210,"column":8},"end":{"line":216,"column":9}},"68":{"start":{"line":211,"column":12},"end":{"line":215,"column":14}},"69":{"start":{"line":217,"column":8},"end":{"line":219,"column":9}},"70":{"start":{"line":218,"column":12},"end":{"line":218,"column":73}},"71":{"start":{"line":220,"column":28},"end":{"line":220,"column":84}},"72":{"start":{"line":221,"column":8},"end":{"line":222,"column":64}},"73":{"start":{"line":225,"column":8},"end":{"line":225,"column":68}},"74":{"start":{"line":226,"column":8},"end":{"line":230,"column":9}},"75":{"start":{"line":234,"column":22},"end":{"line":270,"column":1}},"76":{"start":{"line":235,"column":4},"end":{"line":269,"column":5}},"77":{"start":{"line":236,"column":8},"end":{"line":242,"column":9}},"78":{"start":{"line":237,"column":12},"end":{"line":241,"column":13}},"79":{"start":{"line":243,"column":8},"end":{"line":249,"column":9}},"80":{"start":{"line":244,"column":12},"end":{"line":248,"column":13}},"81":{"start":{"line":250,"column":28},"end":{"line":250,"column":67}},"82":{"start":{"line":251,"column":8},"end":{"line":261,"column":13}},"83":{"start":{"line":263,"column":8},"end":{"line":263,"column":68}},"84":{"start":{"line":264,"column":8},"end":{"line":268,"column":9}},"85":{"start":{"line":272,"column":26},"end":{"line":309,"column":1}},"86":{"start":{"line":273,"column":4},"end":{"line":308,"column":5}},"87":{"start":{"line":274,"column":8},"end":{"line":280,"column":9}},"88":{"start":{"line":275,"column":12},"end":{"line":279,"column":13}},"89":{"start":{"line":281,"column":26},"end":{"line":281,"column":72}},"90":{"start":{"line":281,"column":44},"end":{"line":281,"column":71}},"91":{"start":{"line":282,"column":8},"end":{"line":288,"column":9}},"92":{"start":{"line":283,"column":12},"end":{"line":287,"column":14}},"93":{"start":{"line":289,"column":23},"end":{"line":289,"column":73}},"94":{"start":{"line":290,"column":8},"end":{"line":300,"column":14}},"95":{"start":{"line":302,"column":8},"end":{"line":302,"column":68}},"96":{"start":{"line":303,"column":8},"end":{"line":307,"column":9}},"97":{"start":{"line":311,"column":24},"end":{"line":336,"column":1}},"98":{"start":{"line":312,"column":4},"end":{"line":335,"column":5}},"99":{"start":{"line":313,"column":19},"end":{"line":313,"column":49}},"100":{"start":{"line":314,"column":8},"end":{"line":327,"column":9}},"101":{"start":{"line":315,"column":12},"end":{"line":319,"column":13}},"102":{"start":{"line":322,"column":12},"end":{"line":326,"column":13}},"103":{"start":{"line":329,"column":8},"end":{"line":329,"column":70}},"104":{"start":{"line":330,"column":8},"end":{"line":334,"column":9}},"105":{"start":{"line":338,"column":26},"end":{"line":385,"column":1}},"106":{"start":{"line":339,"column":4},"end":{"line":384,"column":5}},"107":{"start":{"line":340,"column":8},"end":{"line":345,"column":13}},"108":{"start":{"line":341,"column":12},"end":{"line":345,"column":13}},"109":{"start":{"line":346,"column":20},"end":{"line":346,"column":69}},"110":{"start":{"line":347,"column":27},"end":{"line":347,"column":59}},"111":{"start":{"line":348,"column":8},"end":{"line":375,"column":13}},"112":{"start":{"line":349,"column":12},"end":{"line":363,"column":13}},"113":{"start":{"line":350,"column":27},"end":{"line":350,"column":49}},"114":{"start":{"line":351,"column":32},"end":{"line":351,"column":51}},"115":{"start":{"line":352,"column":16},"end":{"line":353,"column":71}},"116":{"start":{"line":353,"column":20},"end":{"line":353,"column":71}},"117":{"start":{"line":354,"column":16},"end":{"line":357,"column":28}},"118":{"start":{"line":358,"column":16},"end":{"line":362,"column":17}},"119":{"start":{"line":364,"column":12},"end":{"line":368,"column":14}},"120":{"start":{"line":371,"column":12},"end":{"line":375,"column":13}},"121":{"start":{"line":378,"column":8},"end":{"line":378,"column":72}},"122":{"start":{"line":379,"column":8},"end":{"line":383,"column":9}},"123":{"start":{"line":387,"column":0},"end":{"line":390,"column":2}}},"fnMap":{"0":{"name":"(anonymous_0)","decl":{"start":{"line":5,"column":29},"end":{"line":5,"column":30}},"loc":{"start":{"line":5,"column":49},"end":{"line":12,"column":1}},"line":5},"1":{"name":"(anonymous_1)","decl":{"start":{"line":14,"column":23},"end":{"line":14,"column":24}},"loc":{"start":{"line":14,"column":35},"end":{"line":40,"column":1}},"line":14},"2":{"name":"(anonymous_2)","decl":{"start":{"line":43,"column":33},"end":{"line":43,"column":34}},"loc":{"start":{"line":43,"column":77},"end":{"line":117,"column":1}},"line":43},"3":{"name":"(anonymous_3)","decl":{"start":{"line":119,"column":26},"end":{"line":119,"column":27}},"loc":{"start":{"line":119,"column":40},"end":{"line":158,"column":1}},"line":119},"4":{"name":"(anonymous_4)","decl":{"start":{"line":160,"column":25},"end":{"line":160,"column":26}},"loc":{"start":{"line":160,"column":44},"end":{"line":199,"column":1}},"line":160},"5":{"name":"(anonymous_5)","decl":{"start":{"line":201,"column":22},"end":{"line":201,"column":23}},"loc":{"start":{"line":201,"column":46},"end":{"line":232,"column":1}},"line":201},"6":{"name":"(anonymous_6)","decl":{"start":{"line":234,"column":22},"end":{"line":234,"column":23}},"loc":{"start":{"line":234,"column":40},"end":{"line":270,"column":1}},"line":234},"7":{"name":"(anonymous_7)","decl":{"start":{"line":272,"column":26},"end":{"line":272,"column":27}},"loc":{"start":{"line":272,"column":44},"end":{"line":309,"column":1}},"line":272},"8":{"name":"(anonymous_8)","decl":{"start":{"line":281,"column":38},"end":{"line":281,"column":39}},"loc":{"start":{"line":281,"column":44},"end":{"line":281,"column":71}},"line":281},"9":{"name":"(anonymous_9)","decl":{"start":{"line":311,"column":24},"end":{"line":311,"column":25}},"loc":{"start":{"line":311,"column":36},"end":{"line":336,"column":1}},"line":311},"10":{"name":"(anonymous_10)","decl":{"start":{"line":338,"column":26},"end":{"line":338,"column":27}},"loc":{"start":{"line":338,"column":67},"end":{"line":385,"column":1}},"line":338}},"branchMap":{"0":{"loc":{"start":{"line":18,"column":8},"end":{"line":31,"column":9}},"type":"if","locations":[{"start":{"line":18,"column":8},"end":{"line":31,"column":9}},{"start":{"line":25,"column":13},"end":{"line":31,"column":9}}],"line":18},"1":{"loc":{"start":{"line":18,"column":12},"end":{"line":18,"column":51}},"type":"binary-expr","locations":[{"start":{"line":18,"column":12},"end":{"line":18,"column":24}},{"start":{"line":18,"column":28},"end":{"line":18,"column":51}}],"line":18},"2":{"loc":{"start":{"line":44,"column":4},"end":{"line":116,"column":5}},"type":"if","locations":[{"start":{"line":44,"column":4},"end":{"line":116,"column":5}},{"start":{"line":84,"column":9},"end":{"line":116,"column":5}}],"line":44},"3":{"loc":{"start":{"line":44,"column":8},"end":{"line":44,"column":21}},"type":"binary-expr","locations":[{"start":{"line":44,"column":8},"end":{"line":44,"column":12}},{"start":{"line":44,"column":16},"end":{"line":44,"column":21}}],"line":44},"4":{"loc":{"start":{"line":51,"column":12},"end":{"line":69,"column":13}},"type":"if","locations":[{"start":{"line":51,"column":12},"end":{"line":69,"column":13}},{"start":{"line":57,"column":17},"end":{"line":69,"column":13}}],"line":51},"5":{"loc":{"start":{"line":51,"column":16},"end":{"line":51,"column":31}},"type":"binary-expr","locations":[{"start":{"line":51,"column":16},"end":{"line":51,"column":22}},{"start":{"line":51,"column":26},"end":{"line":51,"column":31}}],"line":51},"6":{"loc":{"start":{"line":57,"column":17},"end":{"line":69,"column":13}},"type":"if","locations":[{"start":{"line":57,"column":17},"end":{"line":69,"column":13}},{"start":{"line":64,"column":17},"end":{"line":69,"column":13}}],"line":57},"7":{"loc":{"start":{"line":57,"column":21},"end":{"line":57,"column":34}},"type":"binary-expr","locations":[{"start":{"line":57,"column":21},"end":{"line":57,"column":25}},{"start":{"line":57,"column":29},"end":{"line":57,"column":34}}],"line":57},"8":{"loc":{"start":{"line":88,"column":12},"end":{"line":102,"column":28}},"type":"if","locations":[{"start":{"line":88,"column":12},"end":{"line":102,"column":28}},{"start":{"line":93,"column":17},"end":{"line":102,"column":28}}],"line":88},"9":{"loc":{"start":{"line":88,"column":16},"end":{"line":88,"column":31}},"type":"binary-expr","locations":[{"start":{"line":88,"column":16},"end":{"line":88,"column":22}},{"start":{"line":88,"column":26},"end":{"line":88,"column":31}}],"line":88},"10":{"loc":{"start":{"line":90,"column":27},"end":{"line":90,"column":48}},"type":"cond-expr","locations":[{"start":{"line":90,"column":35},"end":{"line":90,"column":41}},{"start":{"line":90,"column":44},"end":{"line":90,"column":48}}],"line":90},"11":{"loc":{"start":{"line":93,"column":17},"end":{"line":102,"column":28}},"type":"if","locations":[{"start":{"line":93,"column":17},"end":{"line":102,"column":28}},{"start":{"line":100,"column":16},"end":{"line":102,"column":28}}],"line":93},"12":{"loc":{"start":{"line":93,"column":21},"end":{"line":93,"column":34}},"type":"binary-expr","locations":[{"start":{"line":93,"column":21},"end":{"line":93,"column":25}},{"start":{"line":93,"column":29},"end":{"line":93,"column":34}}],"line":93},"13":{"loc":{"start":{"line":96,"column":27},"end":{"line":96,"column":48}},"type":"cond-expr","locations":[{"start":{"line":96,"column":35},"end":{"line":96,"column":41}},{"start":{"line":96,"column":44},"end":{"line":96,"column":48}}],"line":96},"14":{"loc":{"start":{"line":101,"column":27},"end":{"line":101,"column":48}},"type":"cond-expr","locations":[{"start":{"line":101,"column":35},"end":{"line":101,"column":41}},{"start":{"line":101,"column":44},"end":{"line":101,"column":48}}],"line":101},"15":{"loc":{"start":{"line":121,"column":8},"end":{"line":127,"column":9}},"type":"if","locations":[{"start":{"line":121,"column":8},"end":{"line":127,"column":9}},{"start":{},"end":{}}],"line":121},"16":{"loc":{"start":{"line":128,"column":8},"end":{"line":134,"column":9}},"type":"if","locations":[{"start":{"line":128,"column":8},"end":{"line":134,"column":9}},{"start":{},"end":{}}],"line":128},"17":{"loc":{"start":{"line":136,"column":8},"end":{"line":148,"column":9}},"type":"if","locations":[{"start":{"line":136,"column":8},"end":{"line":148,"column":9}},{"start":{"line":142,"column":13},"end":{"line":148,"column":9}}],"line":136},"18":{"loc":{"start":{"line":162,"column":8},"end":{"line":168,"column":9}},"type":"if","locations":[{"start":{"line":162,"column":8},"end":{"line":168,"column":9}},{"start":{},"end":{}}],"line":162},"19":{"loc":{"start":{"line":162,"column":12},"end":{"line":162,"column":122}},"type":"binary-expr","locations":[{"start":{"line":162,"column":12},"end":{"line":162,"column":25}},{"start":{"line":162,"column":29},"end":{"line":162,"column":43}},{"start":{"line":162,"column":47},"end":{"line":162,"column":60}},{"start":{"line":162,"column":64},"end":{"line":162,"column":78}},{"start":{"line":162,"column":82},"end":{"line":162,"column":103}},{"start":{"line":162,"column":107},"end":{"line":162,"column":122}}],"line":162},"20":{"loc":{"start":{"line":169,"column":8},"end":{"line":174,"column":9}},"type":"if","locations":[{"start":{"line":169,"column":8},"end":{"line":174,"column":9}},{"start":{},"end":{}}],"line":169},"21":{"loc":{"start":{"line":203,"column":8},"end":{"line":209,"column":9}},"type":"if","locations":[{"start":{"line":203,"column":8},"end":{"line":209,"column":9}},{"start":{},"end":{}}],"line":203},"22":{"loc":{"start":{"line":210,"column":8},"end":{"line":216,"column":9}},"type":"if","locations":[{"start":{"line":210,"column":8},"end":{"line":216,"column":9}},{"start":{},"end":{}}],"line":210},"23":{"loc":{"start":{"line":217,"column":8},"end":{"line":219,"column":9}},"type":"if","locations":[{"start":{"line":217,"column":8},"end":{"line":219,"column":9}},{"start":{},"end":{}}],"line":217},"24":{"loc":{"start":{"line":221,"column":15},"end":{"line":222,"column":63}},"type":"cond-expr","locations":[{"start":{"line":221,"column":31},"end":{"line":221,"column":80}},{"start":{"line":222,"column":14},"end":{"line":222,"column":63}}],"line":221},"25":{"loc":{"start":{"line":236,"column":8},"end":{"line":242,"column":9}},"type":"if","locations":[{"start":{"line":236,"column":8},"end":{"line":242,"column":9}},{"start":{},"end":{}}],"line":236},"26":{"loc":{"start":{"line":243,"column":8},"end":{"line":249,"column":9}},"type":"if","locations":[{"start":{"line":243,"column":8},"end":{"line":249,"column":9}},{"start":{},"end":{}}],"line":243},"27":{"loc":{"start":{"line":251,"column":15},"end":{"line":261,"column":13}},"type":"cond-expr","locations":[{"start":{"line":252,"column":12},"end":{"line":256,"column":13}},{"start":{"line":257,"column":12},"end":{"line":261,"column":13}}],"line":251},"28":{"loc":{"start":{"line":274,"column":8},"end":{"line":280,"column":9}},"type":"if","locations":[{"start":{"line":274,"column":8},"end":{"line":280,"column":9}},{"start":{},"end":{}}],"line":274},"29":{"loc":{"start":{"line":274,"column":12},"end":{"line":274,"column":52}},"type":"binary-expr","locations":[{"start":{"line":274,"column":12},"end":{"line":274,"column":29}},{"start":{"line":274,"column":33},"end":{"line":274,"column":52}}],"line":274},"30":{"loc":{"start":{"line":282,"column":8},"end":{"line":288,"column":9}},"type":"if","locations":[{"start":{"line":282,"column":8},"end":{"line":288,"column":9}},{"start":{},"end":{}}],"line":282},"31":{"loc":{"start":{"line":290,"column":15},"end":{"line":300,"column":13}},"type":"cond-expr","locations":[{"start":{"line":291,"column":12},"end":{"line":295,"column":13}},{"start":{"line":296,"column":12},"end":{"line":300,"column":13}}],"line":290},"32":{"loc":{"start":{"line":314,"column":8},"end":{"line":327,"column":9}},"type":"if","locations":[{"start":{"line":314,"column":8},"end":{"line":327,"column":9}},{"start":{"line":321,"column":13},"end":{"line":327,"column":9}}],"line":314},"33":{"loc":{"start":{"line":314,"column":12},"end":{"line":314,"column":35}},"type":"binary-expr","locations":[{"start":{"line":314,"column":12},"end":{"line":314,"column":16}},{"start":{"line":314,"column":20},"end":{"line":314,"column":35}}],"line":314},"34":{"loc":{"start":{"line":340,"column":8},"end":{"line":345,"column":13}},"type":"if","locations":[{"start":{"line":340,"column":8},"end":{"line":345,"column":13}},{"start":{},"end":{}}],"line":340},"35":{"loc":{"start":{"line":348,"column":8},"end":{"line":375,"column":13}},"type":"if","locations":[{"start":{"line":348,"column":8},"end":{"line":375,"column":13}},{"start":{"line":371,"column":12},"end":{"line":375,"column":13}}],"line":348},"36":{"loc":{"start":{"line":348,"column":12},"end":{"line":348,"column":51}},"type":"binary-expr","locations":[{"start":{"line":348,"column":12},"end":{"line":348,"column":24}},{"start":{"line":348,"column":28},"end":{"line":348,"column":51}}],"line":348},"37":{"loc":{"start":{"line":349,"column":12},"end":{"line":363,"column":13}},"type":"if","locations":[{"start":{"line":349,"column":12},"end":{"line":363,"column":13}},{"start":{},"end":{}}],"line":349},"38":{"loc":{"start":{"line":349,"column":16},"end":{"line":349,"column":29}},"type":"binary-expr","locations":[{"start":{"line":349,"column":16},"end":{"line":349,"column":20}},{"start":{"line":349,"column":24},"end":{"line":349,"column":29}}],"line":349},"39":{"loc":{"start":{"line":352,"column":16},"end":{"line":353,"column":71}},"type":"if","locations":[{"start":{"line":352,"column":16},"end":{"line":353,"column":71}},{"start":{},"end":{}}],"line":352}},"s":{"0":1,"1":8,"2":8,"3":8,"4":0,"5":1,"6":3,"7":3,"8":3,"9":2,"10":1,"11":1,"12":1,"13":1,"14":1,"15":8,"16":6,"17":6,"18":6,"19":4,"20":4,"21":4,"22":1,"23":3,"24":1,"25":2,"26":4,"27":2,"28":2,"29":2,"30":2,"31":2,"32":2,"33":0,"34":2,"35":1,"36":1,"37":2,"38":0,"39":0,"40":1,"41":5,"42":5,"43":1,"44":4,"45":1,"46":3,"47":2,"48":1,"49":1,"50":1,"51":1,"52":1,"53":5,"54":5,"55":2,"56":3,"57":1,"58":2,"59":2,"60":1,"61":1,"62":1,"63":1,"64":7,"65":7,"66":1,"67":6,"68":1,"69":5,"70":1,"71":4,"72":3,"73":1,"74":1,"75":1,"76":5,"77":5,"78":1,"79":4,"80":1,"81":3,"82":2,"83":1,"84":1,"85":1,"86":5,"87":5,"88":1,"89":4,"90":4,"91":4,"92":1,"93":3,"94":2,"95":1,"96":1,"97":1,"98":3,"99":3,"100":2,"101":1,"102":1,"103":1,"104":1,"105":1,"106":6,"107":6,"108":1,"109":5,"110":5,"111":4,"112":3,"113":2,"114":2,"115":2,"116":2,"117":2,"118":2,"119":1,"120":1,"121":1,"122":1,"123":1},"f":{"0":8,"1":3,"2":8,"3":5,"4":5,"5":7,"6":5,"7":5,"8":4,"9":3,"10":6},"b":{"0":[1,1],"1":[2,2],"2":[6,2],"3":[8,6],"4":[1,3],"5":[4,1],"6":[1,2],"7":[3,1],"8":[0,2],"9":[2,0],"10":[0,0],"11":[1,1],"12":[2,1],"13":[0,1],"14":[0,1],"15":[1,4],"16":[1,3],"17":[1,1],"18":[2,3],"19":[5,4,3,3,3,3],"20":[1,2],"21":[1,6],"22":[1,5],"23":[1,4],"24":[2,1],"25":[1,4],"26":[1,3],"27":[1,1],"28":[1,4],"29":[5,4],"30":[1,3],"31":[1,1],"32":[1,1],"33":[2,2],"34":[1,5],"35":[3,1],"36":[4,4],"37":[2,1],"38":[3,2],"39":[2,0]},"_coverageSchema":"1a1c01bbd47fc00a2c39e90264f33305004495a9","hash":"180cdcadc37a139a40e9d2a78ce27f6c555ad822"}
,"C:\\study\\HK2-Nam4\\TichHopNangCao\\BaiTapLon\\MobileStore_BE\\src\\services\\userAPIService.js": {"path":"C:\\study\\HK2-Nam4\\TichHopNangCao\\BaiTapLon\\MobileStore_BE\\src\\services\\userAPIService.js","statementMap":{"0":{"start":{"line":1,"column":0},"end":{"line":1,"column":27}},"1":{"start":{"line":9,"column":25},"end":{"line":11,"column":1}},"2":{"start":{"line":10,"column":4},"end":{"line":10,"column":61}},"3":{"start":{"line":13,"column":26},"end":{"line":20,"column":1}},"4":{"start":{"line":14,"column":4},"end":{"line":19,"column":5}},"5":{"start":{"line":15,"column":21},"end":{"line":15,"column":61}},"6":{"start":{"line":16,"column":8},"end":{"line":16,"column":22}},"7":{"start":{"line":18,"column":8},"end":{"line":18,"column":67}},"8":{"start":{"line":22,"column":26},"end":{"line":29,"column":1}},"9":{"start":{"line":23,"column":4},"end":{"line":28,"column":5}},"10":{"start":{"line":24,"column":21},"end":{"line":24,"column":61}},"11":{"start":{"line":25,"column":8},"end":{"line":25,"column":22}},"12":{"start":{"line":27,"column":8},"end":{"line":27,"column":67}},"13":{"start":{"line":31,"column":24},"end":{"line":89,"column":1}},"14":{"start":{"line":32,"column":4},"end":{"line":88,"column":5}},"15":{"start":{"line":33,"column":8},"end":{"line":39,"column":9}},"16":{"start":{"line":34,"column":12},"end":{"line":38,"column":13}},"17":{"start":{"line":41,"column":25},"end":{"line":41,"column":72}},"18":{"start":{"line":42,"column":8},"end":{"line":47,"column":9}},"19":{"start":{"line":43,"column":12},"end":{"line":46,"column":14}},"20":{"start":{"line":49,"column":8},"end":{"line":54,"column":9}},"21":{"start":{"line":50,"column":12},"end":{"line":53,"column":13}},"22":{"start":{"line":55,"column":8},"end":{"line":60,"column":9}},"23":{"start":{"line":56,"column":12},"end":{"line":59,"column":13}},"24":{"start":{"line":62,"column":8},"end":{"line":68,"column":9}},"25":{"start":{"line":63,"column":12},"end":{"line":67,"column":13}},"26":{"start":{"line":69,"column":24},"end":{"line":74,"column":10}},"27":{"start":{"line":75,"column":8},"end":{"line":75,"column":29}},"28":{"start":{"line":76,"column":8},"end":{"line":80,"column":9}},"29":{"start":{"line":83,"column":8},"end":{"line":87,"column":9}},"30":{"start":{"line":91,"column":18},"end":{"line":139,"column":1}},"31":{"start":{"line":92,"column":4},"end":{"line":138,"column":5}},"32":{"start":{"line":94,"column":8},"end":{"line":130,"column":9}},"33":{"start":{"line":95,"column":25},"end":{"line":97,"column":61}},"34":{"start":{"line":98,"column":12},"end":{"line":122,"column":13}},"35":{"start":{"line":99,"column":16},"end":{"line":121,"column":17}},"36":{"start":{"line":100,"column":20},"end":{"line":100,"column":46}},"37":{"start":{"line":101,"column":20},"end":{"line":106,"column":23}},"38":{"start":{"line":107,"column":20},"end":{"line":113,"column":21}},"39":{"start":{"line":116,"column":20},"end":{"line":120,"column":21}},"40":{"start":{"line":125,"column":12},"end":{"line":129,"column":13}},"41":{"start":{"line":132,"column":8},"end":{"line":132,"column":59}},"42":{"start":{"line":133,"column":8},"end":{"line":137,"column":9}},"43":{"start":{"line":141,"column":19},"end":{"line":164,"column":1}},"44":{"start":{"line":142,"column":4},"end":{"line":163,"column":5}},"45":{"start":{"line":143,"column":8},"end":{"line":149,"column":11}},"46":{"start":{"line":150,"column":8},"end":{"line":154,"column":9}},"47":{"start":{"line":157,"column":8},"end":{"line":157,"column":60}},"48":{"start":{"line":158,"column":8},"end":{"line":162,"column":9}},"49":{"start":{"line":166,"column":20},"end":{"line":192,"column":1}},"50":{"start":{"line":167,"column":20},"end":{"line":167,"column":22}},"51":{"start":{"line":168,"column":4},"end":{"line":191,"column":5}},"52":{"start":{"line":169,"column":8},"end":{"line":169,"column":88}},"53":{"start":{"line":170,"column":8},"end":{"line":183,"column":9}},"54":{"start":{"line":171,"column":12},"end":{"line":175,"column":13}},"55":{"start":{"line":178,"column":12},"end":{"line":182,"column":13}},"56":{"start":{"line":185,"column":8},"end":{"line":185,"column":66}},"57":{"start":{"line":186,"column":8},"end":{"line":190,"column":9}},"58":{"start":{"line":194,"column":26},"end":{"line":233,"column":1}},"59":{"start":{"line":195,"column":4},"end":{"line":232,"column":5}},"60":{"start":{"line":196,"column":8},"end":{"line":202,"column":9}},"61":{"start":{"line":197,"column":12},"end":{"line":201,"column":13}},"62":{"start":{"line":203,"column":8},"end":{"line":209,"column":9}},"63":{"start":{"line":204,"column":12},"end":{"line":208,"column":13}},"64":{"start":{"line":210,"column":21},"end":{"line":210,"column":92}},"65":{"start":{"line":211,"column":8},"end":{"line":223,"column":9}},"66":{"start":{"line":212,"column":12},"end":{"line":216,"column":14}},"67":{"start":{"line":218,"column":12},"end":{"line":222,"column":13}},"68":{"start":{"line":226,"column":8},"end":{"line":226,"column":72}},"69":{"start":{"line":227,"column":8},"end":{"line":231,"column":9}},"70":{"start":{"line":235,"column":24},"end":{"line":264,"column":1}},"71":{"start":{"line":236,"column":4},"end":{"line":263,"column":5}},"72":{"start":{"line":237,"column":8},"end":{"line":243,"column":9}},"73":{"start":{"line":238,"column":12},"end":{"line":242,"column":13}},"74":{"start":{"line":244,"column":8},"end":{"line":249,"column":13}},"75":{"start":{"line":245,"column":12},"end":{"line":249,"column":13}},"76":{"start":{"line":250,"column":8},"end":{"line":254,"column":9}},"77":{"start":{"line":257,"column":8},"end":{"line":257,"column":70}},"78":{"start":{"line":258,"column":8},"end":{"line":262,"column":9}},"79":{"start":{"line":266,"column":19},"end":{"line":317,"column":1}},"80":{"start":{"line":267,"column":4},"end":{"line":316,"column":5}},"81":{"start":{"line":268,"column":8},"end":{"line":274,"column":9}},"82":{"start":{"line":269,"column":12},"end":{"line":273,"column":13}},"83":{"start":{"line":275,"column":8},"end":{"line":281,"column":9}},"84":{"start":{"line":276,"column":12},"end":{"line":280,"column":13}},"85":{"start":{"line":282,"column":21},"end":{"line":282,"column":52}},"86":{"start":{"line":283,"column":8},"end":{"line":308,"column":9}},"87":{"start":{"line":285,"column":12},"end":{"line":291,"column":13}},"88":{"start":{"line":286,"column":16},"end":{"line":290,"column":17}},"89":{"start":{"line":292,"column":32},"end":{"line":292,"column":85}},"90":{"start":{"line":293,"column":12},"end":{"line":300,"column":13}},"91":{"start":{"line":294,"column":73},"end":{"line":294,"column":95}},"92":{"start":{"line":295,"column":16},"end":{"line":299,"column":17}},"93":{"start":{"line":303,"column":12},"end":{"line":307,"column":13}},"94":{"start":{"line":310,"column":8},"end":{"line":310,"column":65}},"95":{"start":{"line":311,"column":8},"end":{"line":315,"column":9}},"96":{"start":{"line":319,"column":19},"end":{"line":358,"column":1}},"97":{"start":{"line":320,"column":4},"end":{"line":357,"column":5}},"98":{"start":{"line":321,"column":8},"end":{"line":327,"column":9}},"99":{"start":{"line":322,"column":12},"end":{"line":326,"column":13}},"100":{"start":{"line":328,"column":8},"end":{"line":334,"column":9}},"101":{"start":{"line":329,"column":12},"end":{"line":333,"column":13}},"102":{"start":{"line":335,"column":28},"end":{"line":335,"column":64}},"103":{"start":{"line":336,"column":8},"end":{"line":349,"column":9}},"104":{"start":{"line":337,"column":12},"end":{"line":341,"column":13}},"105":{"start":{"line":344,"column":12},"end":{"line":348,"column":13}},"106":{"start":{"line":351,"column":8},"end":{"line":351,"column":65}},"107":{"start":{"line":352,"column":8},"end":{"line":356,"column":9}},"108":{"start":{"line":360,"column":0},"end":{"line":363,"column":2}}},"fnMap":{"0":{"name":"(anonymous_0)","decl":{"start":{"line":9,"column":25},"end":{"line":9,"column":26}},"loc":{"start":{"line":9,"column":39},"end":{"line":11,"column":1}},"line":9},"1":{"name":"(anonymous_1)","decl":{"start":{"line":13,"column":26},"end":{"line":13,"column":27}},"loc":{"start":{"line":13,"column":47},"end":{"line":20,"column":1}},"line":13},"2":{"name":"(anonymous_2)","decl":{"start":{"line":22,"column":26},"end":{"line":22,"column":27}},"loc":{"start":{"line":22,"column":47},"end":{"line":29,"column":1}},"line":22},"3":{"name":"(anonymous_3)","decl":{"start":{"line":31,"column":24},"end":{"line":31,"column":25}},"loc":{"start":{"line":31,"column":47},"end":{"line":89,"column":1}},"line":31},"4":{"name":"(anonymous_4)","decl":{"start":{"line":91,"column":18},"end":{"line":91,"column":19}},"loc":{"start":{"line":91,"column":43},"end":{"line":139,"column":1}},"line":91},"5":{"name":"(anonymous_5)","decl":{"start":{"line":141,"column":19},"end":{"line":141,"column":20}},"loc":{"start":{"line":141,"column":34},"end":{"line":164,"column":1}},"line":141},"6":{"name":"(anonymous_6)","decl":{"start":{"line":166,"column":20},"end":{"line":166,"column":21}},"loc":{"start":{"line":166,"column":32},"end":{"line":192,"column":1}},"line":166},"7":{"name":"(anonymous_7)","decl":{"start":{"line":194,"column":26},"end":{"line":194,"column":27}},"loc":{"start":{"line":194,"column":40},"end":{"line":233,"column":1}},"line":194},"8":{"name":"(anonymous_8)","decl":{"start":{"line":235,"column":24},"end":{"line":235,"column":25}},"loc":{"start":{"line":235,"column":41},"end":{"line":264,"column":1}},"line":235},"9":{"name":"(anonymous_9)","decl":{"start":{"line":266,"column":19},"end":{"line":266,"column":20}},"loc":{"start":{"line":266,"column":43},"end":{"line":317,"column":1}},"line":266},"10":{"name":"(anonymous_10)","decl":{"start":{"line":319,"column":19},"end":{"line":319,"column":20}},"loc":{"start":{"line":319,"column":37},"end":{"line":358,"column":1}},"line":319}},"branchMap":{"0":{"loc":{"start":{"line":33,"column":8},"end":{"line":39,"column":9}},"type":"if","locations":[{"start":{"line":33,"column":8},"end":{"line":39,"column":9}},{"start":{},"end":{}}],"line":33},"1":{"loc":{"start":{"line":33,"column":12},"end":{"line":33,"column":98}},"type":"binary-expr","locations":[{"start":{"line":33,"column":12},"end":{"line":33,"column":29}},{"start":{"line":33,"column":33},"end":{"line":33,"column":51}},{"start":{"line":33,"column":55},"end":{"line":33,"column":76}},{"start":{"line":33,"column":80},"end":{"line":33,"column":98}}],"line":33},"2":{"loc":{"start":{"line":42,"column":8},"end":{"line":47,"column":9}},"type":"if","locations":[{"start":{"line":42,"column":8},"end":{"line":47,"column":9}},{"start":{},"end":{}}],"line":42},"3":{"loc":{"start":{"line":49,"column":8},"end":{"line":54,"column":9}},"type":"if","locations":[{"start":{"line":49,"column":8},"end":{"line":54,"column":9}},{"start":{},"end":{}}],"line":49},"4":{"loc":{"start":{"line":55,"column":8},"end":{"line":60,"column":9}},"type":"if","locations":[{"start":{"line":55,"column":8},"end":{"line":60,"column":9}},{"start":{},"end":{}}],"line":55},"5":{"loc":{"start":{"line":62,"column":8},"end":{"line":68,"column":9}},"type":"if","locations":[{"start":{"line":62,"column":8},"end":{"line":68,"column":9}},{"start":{},"end":{}}],"line":62},"6":{"loc":{"start":{"line":62,"column":12},"end":{"line":62,"column":67}},"type":"binary-expr","locations":[{"start":{"line":62,"column":12},"end":{"line":62,"column":32}},{"start":{"line":62,"column":36},"end":{"line":62,"column":67}}],"line":62},"7":{"loc":{"start":{"line":94,"column":8},"end":{"line":130,"column":9}},"type":"if","locations":[{"start":{"line":94,"column":8},"end":{"line":130,"column":9}},{"start":{"line":124,"column":13},"end":{"line":130,"column":9}}],"line":94},"8":{"loc":{"start":{"line":94,"column":12},"end":{"line":94,"column":104}},"type":"binary-expr","locations":[{"start":{"line":94,"column":12},"end":{"line":94,"column":56}},{"start":{"line":94,"column":60},"end":{"line":94,"column":104}}],"line":94},"9":{"loc":{"start":{"line":98,"column":12},"end":{"line":122,"column":13}},"type":"if","locations":[{"start":{"line":98,"column":12},"end":{"line":122,"column":13}},{"start":{},"end":{}}],"line":98},"10":{"loc":{"start":{"line":99,"column":16},"end":{"line":121,"column":17}},"type":"if","locations":[{"start":{"line":99,"column":16},"end":{"line":121,"column":17}},{"start":{"line":115,"column":21},"end":{"line":121,"column":17}}],"line":99},"11":{"loc":{"start":{"line":170,"column":8},"end":{"line":183,"column":9}},"type":"if","locations":[{"start":{"line":170,"column":8},"end":{"line":183,"column":9}},{"start":{"line":177,"column":13},"end":{"line":183,"column":9}}],"line":170},"12":{"loc":{"start":{"line":170,"column":12},"end":{"line":170,"column":45}},"type":"binary-expr","locations":[{"start":{"line":170,"column":12},"end":{"line":170,"column":21}},{"start":{"line":170,"column":25},"end":{"line":170,"column":45}}],"line":170},"13":{"loc":{"start":{"line":196,"column":8},"end":{"line":202,"column":9}},"type":"if","locations":[{"start":{"line":196,"column":8},"end":{"line":202,"column":9}},{"start":{},"end":{}}],"line":196},"14":{"loc":{"start":{"line":203,"column":8},"end":{"line":209,"column":9}},"type":"if","locations":[{"start":{"line":203,"column":8},"end":{"line":209,"column":9}},{"start":{},"end":{}}],"line":203},"15":{"loc":{"start":{"line":211,"column":8},"end":{"line":223,"column":9}},"type":"if","locations":[{"start":{"line":211,"column":8},"end":{"line":223,"column":9}},{"start":{"line":217,"column":13},"end":{"line":223,"column":9}}],"line":211},"16":{"loc":{"start":{"line":237,"column":8},"end":{"line":243,"column":9}},"type":"if","locations":[{"start":{"line":237,"column":8},"end":{"line":243,"column":9}},{"start":{},"end":{}}],"line":237},"17":{"loc":{"start":{"line":244,"column":8},"end":{"line":249,"column":13}},"type":"if","locations":[{"start":{"line":244,"column":8},"end":{"line":249,"column":13}},{"start":{},"end":{}}],"line":244},"18":{"loc":{"start":{"line":268,"column":8},"end":{"line":274,"column":9}},"type":"if","locations":[{"start":{"line":268,"column":8},"end":{"line":274,"column":9}},{"start":{},"end":{}}],"line":268},"19":{"loc":{"start":{"line":275,"column":8},"end":{"line":281,"column":9}},"type":"if","locations":[{"start":{"line":275,"column":8},"end":{"line":281,"column":9}},{"start":{},"end":{}}],"line":275},"20":{"loc":{"start":{"line":283,"column":8},"end":{"line":308,"column":9}},"type":"if","locations":[{"start":{"line":283,"column":8},"end":{"line":308,"column":9}},{"start":{"line":302,"column":13},"end":{"line":308,"column":9}}],"line":283},"21":{"loc":{"start":{"line":285,"column":12},"end":{"line":291,"column":13}},"type":"if","locations":[{"start":{"line":285,"column":12},"end":{"line":291,"column":13}},{"start":{},"end":{}}],"line":285},"22":{"loc":{"start":{"line":293,"column":12},"end":{"line":300,"column":13}},"type":"if","locations":[{"start":{"line":293,"column":12},"end":{"line":300,"column":13}},{"start":{},"end":{}}],"line":293},"23":{"loc":{"start":{"line":321,"column":8},"end":{"line":327,"column":9}},"type":"if","locations":[{"start":{"line":321,"column":8},"end":{"line":327,"column":9}},{"start":{},"end":{}}],"line":321},"24":{"loc":{"start":{"line":328,"column":8},"end":{"line":334,"column":9}},"type":"if","locations":[{"start":{"line":328,"column":8},"end":{"line":334,"column":9}},{"start":{},"end":{}}],"line":328},"25":{"loc":{"start":{"line":336,"column":8},"end":{"line":349,"column":9}},"type":"if","locations":[{"start":{"line":336,"column":8},"end":{"line":349,"column":9}},{"start":{"line":343,"column":13},"end":{"line":349,"column":9}}],"line":336}},"s":{"0":1,"1":1,"2":2,"3":1,"4":9,"5":9,"6":9,"7":0,"8":1,"9":7,"10":7,"11":7,"12":0,"13":1,"14":7,"15":7,"16":1,"17":6,"18":6,"19":1,"20":5,"21":1,"22":4,"23":1,"24":3,"25":1,"26":2,"27":2,"28":1,"29":1,"30":1,"31":4,"32":4,"33":3,"34":2,"35":2,"36":1,"37":1,"38":1,"39":1,"40":1,"41":1,"42":1,"43":1,"44":2,"45":2,"46":1,"47":1,"48":1,"49":1,"50":3,"51":3,"52":3,"53":2,"54":1,"55":1,"56":1,"57":1,"58":1,"59":5,"60":5,"61":1,"62":4,"63":1,"64":3,"65":2,"66":1,"67":1,"68":1,"69":1,"70":1,"71":4,"72":4,"73":1,"74":3,"75":1,"76":1,"77":1,"78":1,"79":1,"80":6,"81":6,"82":1,"83":5,"84":1,"85":4,"86":3,"87":2,"88":1,"89":1,"90":1,"91":1,"92":1,"93":1,"94":1,"95":1,"96":1,"97":5,"98":5,"99":1,"100":4,"101":1,"102":3,"103":2,"104":1,"105":1,"106":1,"107":1,"108":1},"f":{"0":2,"1":9,"2":7,"3":7,"4":4,"5":2,"6":3,"7":5,"8":4,"9":6,"10":5},"b":{"0":[1,6],"1":[7,6,6,6],"2":[1,5],"3":[1,4],"4":[1,3],"5":[1,2],"6":[3,3],"7":[3,1],"8":[4,1],"9":[2,0],"10":[1,1],"11":[1,1],"12":[2,2],"13":[1,4],"14":[1,3],"15":[1,1],"16":[1,3],"17":[1,1],"18":[1,5],"19":[1,4],"20":[2,1],"21":[1,1],"22":[1,0],"23":[1,4],"24":[1,3],"25":[1,1]},"_coverageSchema":"1a1c01bbd47fc00a2c39e90264f33305004495a9","hash":"5e95199ea6a83e31e42653dec524957d13f0f1a2"}
,"C:\\study\\HK2-Nam4\\TichHopNangCao\\BaiTapLon\\MobileStore_BE\\src\\utils\\jwtHelpers.js": {"path":"C:\\study\\HK2-Nam4\\TichHopNangCao\\BaiTapLon\\MobileStore_BE\\src\\utils\\jwtHelpers.js","statementMap":{"0":{"start":{"line":3,"column":0},"end":{"line":3,"column":27}},"1":{"start":{"line":5,"column":35},"end":{"line":16,"column":1}},"2":{"start":{"line":7,"column":4},"end":{"line":15,"column":5}},"3":{"start":{"line":8,"column":26},"end":{"line":8,"column":61}},"4":{"start":{"line":9,"column":8},"end":{"line":10,"column":65}},"5":{"start":{"line":13,"column":8},"end":{"line":13,"column":63}},"6":{"start":{"line":14,"column":8},"end":{"line":14,"column":59}},"7":{"start":{"line":18,"column":36},"end":{"line":28,"column":1}},"8":{"start":{"line":20,"column":4},"end":{"line":27,"column":5}},"9":{"start":{"line":21,"column":26},"end":{"line":21,"column":62}},"10":{"start":{"line":22,"column":8},"end":{"line":22,"column":76}},"11":{"start":{"line":25,"column":8},"end":{"line":25,"column":64}},"12":{"start":{"line":26,"column":8},"end":{"line":26,"column":60}},"13":{"start":{"line":30,"column":38},"end":{"line":40,"column":1}},"14":{"start":{"line":31,"column":4},"end":{"line":39,"column":5}},"15":{"start":{"line":32,"column":8},"end":{"line":35,"column":9}},"16":{"start":{"line":33,"column":42},"end":{"line":33,"column":97}},"17":{"start":{"line":34,"column":12},"end":{"line":34,"column":45}},"18":{"start":{"line":37,"column":8},"end":{"line":37,"column":57}},"19":{"start":{"line":38,"column":8},"end":{"line":38,"column":20}}},"fnMap":{"0":{"name":"(anonymous_0)","decl":{"start":{"line":5,"column":35},"end":{"line":5,"column":36}},"loc":{"start":{"line":5,"column":48},"end":{"line":16,"column":1}},"line":5},"1":{"name":"(anonymous_1)","decl":{"start":{"line":18,"column":36},"end":{"line":18,"column":37}},"loc":{"start":{"line":18,"column":49},"end":{"line":28,"column":1}},"line":18},"2":{"name":"(anonymous_2)","decl":{"start":{"line":30,"column":38},"end":{"line":30,"column":39}},"loc":{"start":{"line":30,"column":49},"end":{"line":40,"column":1}},"line":30}},"branchMap":{"0":{"loc":{"start":{"line":9,"column":15},"end":{"line":10,"column":64}},"type":"cond-expr","locations":[{"start":{"line":9,"column":56},"end":{"line":9,"column":117}},{"start":{"line":10,"column":14},"end":{"line":10,"column":64}}],"line":9},"1":{"loc":{"start":{"line":32,"column":8},"end":{"line":35,"column":9}},"type":"if","locations":[{"start":{"line":32,"column":8},"end":{"line":35,"column":9}},{"start":{},"end":{}}],"line":32}},"s":{"0":2,"1":2,"2":4,"3":4,"4":4,"5":1,"6":1,"7":2,"8":2,"9":2,"10":2,"11":1,"12":1,"13":2,"14":3,"15":3,"16":2,"17":1,"18":1,"19":1},"f":{"0":4,"1":2,"2":3},"b":{"0":[1,3],"1":[2,1]},"_coverageSchema":"1a1c01bbd47fc00a2c39e90264f33305004495a9","hash":"a867849746df9b31c9fd1e8ea440dc0b6edf1802"}
}
