{"C:\\study\\HK2-Nam4\\TichHopNangCao\\BaiTapLon\\MobileStore_BE\\src\\models\\ProductModel.js": {"path":"C:\\study\\HK2-Nam4\\TichHopNangCao\\BaiTapLon\\MobileStore_BE\\src\\models\\ProductModel.js","statementMap":{"0":{"start":{"line":3,"column":22},"end":{"line":23,"column":1}},"1":{"start":{"line":25,"column":16},"end":{"line":25,"column":56}},"2":{"start":{"line":26,"column":0},"end":{"line":26,"column":25}}},"fnMap":{},"branchMap":{},"s":{"0":1,"1":1,"2":1},"f":{},"b":{},"_coverageSchema":"1a1c01bbd47fc00a2c39e90264f33305004495a9","hash":"b8e60ed167cd2e251dddca1ebba29f99259c1237"}
,"C:\\study\\HK2-Nam4\\TichHopNangCao\\BaiTapLon\\MobileStore_BE\\src\\models\\UserModel.js": {"path":"C:\\study\\HK2-Nam4\\TichHopNangCao\\BaiTapLon\\MobileStore_BE\\src\\models\\UserModel.js","statementMap":{"0":{"start":{"line":3,"column":19},"end":{"line":17,"column":1}},"1":{"start":{"line":19,"column":13},"end":{"line":19,"column":47}},"2":{"start":{"line":20,"column":0},"end":{"line":20,"column":22}}},"fnMap":{},"branchMap":{},"s":{"0":1,"1":1,"2":1},"f":{},"b":{},"_coverageSchema":"1a1c01bbd47fc00a2c39e90264f33305004495a9","hash":"7da61feb3b3f464c70470ddb23d18b86e078dc04"}
,"C:\\study\\HK2-Nam4\\TichHopNangCao\\BaiTapLon\\MobileStore_BE\\src\\services\\productAPIService.js": {"path":"C:\\study\\HK2-Nam4\\TichHopNangCao\\BaiTapLon\\MobileStore_BE\\src\\services\\productAPIService.js","statementMap":{"0":{"start":{"line":5,"column":29},"end":{"line":12,"column":1}},"1":{"start":{"line":6,"column":4},"end":{"line":11,"column":5}},"2":{"start":{"line":7,"column":24},"end":{"line":7,"column":65}},"3":{"start":{"line":8,"column":8},"end":{"line":8,"column":25}},"4":{"start":{"line":10,"column":8},"end":{"line":10,"column":70}},"5":{"start":{"line":14,"column":23},"end":{"line":40,"column":1}},"6":{"start":{"line":15,"column":23},"end":{"line":15,"column":25}},"7":{"start":{"line":16,"column":4},"end":{"line":39,"column":5}},"8":{"start":{"line":17,"column":8},"end":{"line":17,"column":76}},"9":{"start":{"line":18,"column":8},"end":{"line":31,"column":9}},"10":{"start":{"line":19,"column":12},"end":{"line":23,"column":13}},"11":{"start":{"line":26,"column":12},"end":{"line":30,"column":13}},"12":{"start":{"line":33,"column":8},"end":{"line":33,"column":69}},"13":{"start":{"line":34,"column":8},"end":{"line":38,"column":9}},"14":{"start":{"line":43,"column":33},"end":{"line":117,"column":1}},"15":{"start":{"line":44,"column":4},"end":{"line":116,"column":5}},"16":{"start":{"line":45,"column":8},"end":{"line":82,"column":9}},"17":{"start":{"line":46,"column":23},"end":{"line":46,"column":41}},"18":{"start":{"line":47,"column":28},"end":{"line":47,"column":58}},"19":{"start":{"line":48,"column":29},"end":{"line":48,"column":57}},"20":{"start":{"line":50,"column":31},"end":{"line":50,"column":33}},"21":{"start":{"line":51,"column":12},"end":{"line":69,"column":13}},"22":{"start":{"line":52,"column":16},"end":{"line":55,"column":28}},"23":{"start":{"line":57,"column":17},"end":{"line":69,"column":13}},"24":{"start":{"line":58,"column":16},"end":{"line":62,"column":28}},"25":{"start":{"line":65,"column":16},"end":{"line":68,"column":28}},"26":{"start":{"line":70,"column":12},"end":{"line":74,"column":14}},"27":{"start":{"line":76,"column":12},"end":{"line":76,"column":75}},"28":{"start":{"line":77,"column":12},"end":{"line":81,"column":14}},"29":{"start":{"line":85,"column":8},"end":{"line":115,"column":9}},"30":{"start":{"line":86,"column":28},"end":{"line":86,"column":58}},"31":{"start":{"line":87,"column":31},"end":{"line":87,"column":33}},"32":{"start":{"line":88,"column":12},"end":{"line":102,"column":28}},"33":{"start":{"line":89,"column":16},"end":{"line":91,"column":28}},"34":{"start":{"line":93,"column":17},"end":{"line":102,"column":28}},"35":{"start":{"line":94,"column":16},"end":{"line":97,"column":28}},"36":{"start":{"line":100,"column":16},"end":{"line":102,"column":28}},"37":{"start":{"line":103,"column":12},"end":{"line":107,"column":14}},"38":{"start":{"line":109,"column":12},"end":{"line":109,"column":75}},"39":{"start":{"line":110,"column":12},"end":{"line":114,"column":14}},"40":{"start":{"line":119,"column":26},"end":{"line":158,"column":1}},"41":{"start":{"line":120,"column":4},"end":{"line":157,"column":5}},"42":{"start":{"line":121,"column":8},"end":{"line":127,"column":9}},"43":{"start":{"line":122,"column":12},"end":{"line":126,"column":13}},"44":{"start":{"line":128,"column":8},"end":{"line":134,"column":9}},"45":{"start":{"line":129,"column":12},"end":{"line":133,"column":13}},"46":{"start":{"line":135,"column":24},"end":{"line":135,"column":88}},"47":{"start":{"line":136,"column":8},"end":{"line":148,"column":9}},"48":{"start":{"line":137,"column":12},"end":{"line":141,"column":14}},"49":{"start":{"line":143,"column":12},"end":{"line":147,"column":13}},"50":{"start":{"line":151,"column":8},"end":{"line":151,"column":72}},"51":{"start":{"line":152,"column":8},"end":{"line":156,"column":9}},"52":{"start":{"line":160,"column":25},"end":{"line":199,"column":1}},"53":{"start":{"line":161,"column":4},"end":{"line":198,"column":5}},"54":{"start":{"line":162,"column":8},"end":{"line":168,"column":9}},"55":{"start":{"line":163,"column":12},"end":{"line":167,"column":13}},"56":{"start":{"line":169,"column":8},"end":{"line":174,"column":9}},"57":{"start":{"line":170,"column":12},"end":{"line":173,"column":13}},"58":{"start":{"line":175,"column":24},"end":{"line":184,"column":10}},"59":{"start":{"line":185,"column":8},"end":{"line":185,"column":29}},"60":{"start":{"line":186,"column":8},"end":{"line":190,"column":9}},"61":{"start":{"line":192,"column":8},"end":{"line":192,"column":71}},"62":{"start":{"line":193,"column":8},"end":{"line":197,"column":9}},"63":{"start":{"line":201,"column":22},"end":{"line":232,"column":1}},"64":{"start":{"line":202,"column":4},"end":{"line":231,"column":5}},"65":{"start":{"line":203,"column":8},"end":{"line":209,"column":9}},"66":{"start":{"line":204,"column":12},"end":{"line":208,"column":14}},"67":{"start":{"line":210,"column":8},"end":{"line":216,"column":9}},"68":{"start":{"line":211,"column":12},"end":{"line":215,"column":14}},"69":{"start":{"line":217,"column":8},"end":{"line":219,"column":9}},"70":{"start":{"line":218,"column":12},"end":{"line":218,"column":73}},"71":{"start":{"line":220,"column":28},"end":{"line":220,"column":84}},"72":{"start":{"line":221,"column":8},"end":{"line":222,"column":64}},"73":{"start":{"line":225,"column":8},"end":{"line":225,"column":68}},"74":{"start":{"line":226,"column":8},"end":{"line":230,"column":9}},"75":{"start":{"line":234,"column":22},"end":{"line":270,"column":1}},"76":{"start":{"line":235,"column":4},"end":{"line":269,"column":5}},"77":{"start":{"line":236,"column":8},"end":{"line":242,"column":9}},"78":{"start":{"line":237,"column":12},"end":{"line":241,"column":13}},"79":{"start":{"line":243,"column":8},"end":{"line":249,"column":9}},"80":{"start":{"line":244,"column":12},"end":{"line":248,"column":13}},"81":{"start":{"line":250,"column":28},"end":{"line":250,"column":67}},"82":{"start":{"line":251,"column":8},"end":{"line":261,"column":13}},"83":{"start":{"line":263,"column":8},"end":{"line":263,"column":68}},"84":{"start":{"line":264,"column":8},"end":{"line":268,"column":9}},"85":{"start":{"line":272,"column":26},"end":{"line":309,"column":1}},"86":{"start":{"line":273,"column":4},"end":{"line":308,"column":5}},"87":{"start":{"line":274,"column":8},"end":{"line":280,"column":9}},"88":{"start":{"line":275,"column":12},"end":{"line":279,"column":13}},"89":{"start":{"line":281,"column":26},"end":{"line":281,"column":72}},"90":{"start":{"line":281,"column":44},"end":{"line":281,"column":71}},"91":{"start":{"line":282,"column":8},"end":{"line":288,"column":9}},"92":{"start":{"line":283,"column":12},"end":{"line":287,"column":14}},"93":{"start":{"line":289,"column":23},"end":{"line":289,"column":73}},"94":{"start":{"line":290,"column":8},"end":{"line":300,"column":14}},"95":{"start":{"line":302,"column":8},"end":{"line":302,"column":68}},"96":{"start":{"line":303,"column":8},"end":{"line":307,"column":9}},"97":{"start":{"line":311,"column":24},"end":{"line":336,"column":1}},"98":{"start":{"line":312,"column":4},"end":{"line":335,"column":5}},"99":{"start":{"line":313,"column":19},"end":{"line":313,"column":49}},"100":{"start":{"line":314,"column":8},"end":{"line":327,"column":9}},"101":{"start":{"line":315,"column":12},"end":{"line":319,"column":13}},"102":{"start":{"line":322,"column":12},"end":{"line":326,"column":13}},"103":{"start":{"line":329,"column":8},"end":{"line":329,"column":70}},"104":{"start":{"line":330,"column":8},"end":{"line":334,"column":9}},"105":{"start":{"line":338,"column":26},"end":{"line":385,"column":1}},"106":{"start":{"line":339,"column":4},"end":{"line":384,"column":5}},"107":{"start":{"line":340,"column":8},"end":{"line":345,"column":13}},"108":{"start":{"line":341,"column":12},"end":{"line":345,"column":13}},"109":{"start":{"line":346,"column":20},"end":{"line":346,"column":69}},"110":{"start":{"line":347,"column":27},"end":{"line":347,"column":59}},"111":{"start":{"line":348,"column":8},"end":{"line":375,"column":13}},"112":{"start":{"line":349,"column":12},"end":{"line":363,"column":13}},"113":{"start":{"line":350,"column":27},"end":{"line":350,"column":49}},"114":{"start":{"line":351,"column":32},"end":{"line":351,"column":51}},"115":{"start":{"line":352,"column":16},"end":{"line":353,"column":71}},"116":{"start":{"line":353,"column":20},"end":{"line":353,"column":71}},"117":{"start":{"line":354,"column":16},"end":{"line":357,"column":28}},"118":{"start":{"line":358,"column":16},"end":{"line":362,"column":17}},"119":{"start":{"line":364,"column":12},"end":{"line":368,"column":14}},"120":{"start":{"line":371,"column":12},"end":{"line":375,"column":13}},"121":{"start":{"line":378,"column":8},"end":{"line":378,"column":72}},"122":{"start":{"line":379,"column":8},"end":{"line":383,"column":9}},"123":{"start":{"line":387,"column":0},"end":{"line":390,"column":2}}},"fnMap":{"0":{"name":"(anonymous_0)","decl":{"start":{"line":5,"column":29},"end":{"line":5,"column":30}},"loc":{"start":{"line":5,"column":49},"end":{"line":12,"column":1}},"line":5},"1":{"name":"(anonymous_1)","decl":{"start":{"line":14,"column":23},"end":{"line":14,"column":24}},"loc":{"start":{"line":14,"column":35},"end":{"line":40,"column":1}},"line":14},"2":{"name":"(anonymous_2)","decl":{"start":{"line":43,"column":33},"end":{"line":43,"column":34}},"loc":{"start":{"line":43,"column":77},"end":{"line":117,"column":1}},"line":43},"3":{"name":"(anonymous_3)","decl":{"start":{"line":119,"column":26},"end":{"line":119,"column":27}},"loc":{"start":{"line":119,"column":40},"end":{"line":158,"column":1}},"line":119},"4":{"name":"(anonymous_4)","decl":{"start":{"line":160,"column":25},"end":{"line":160,"column":26}},"loc":{"start":{"line":160,"column":44},"end":{"line":199,"column":1}},"line":160},"5":{"name":"(anonymous_5)","decl":{"start":{"line":201,"column":22},"end":{"line":201,"column":23}},"loc":{"start":{"line":201,"column":46},"end":{"line":232,"column":1}},"line":201},"6":{"name":"(anonymous_6)","decl":{"start":{"line":234,"column":22},"end":{"line":234,"column":23}},"loc":{"start":{"line":234,"column":40},"end":{"line":270,"column":1}},"line":234},"7":{"name":"(anonymous_7)","decl":{"start":{"line":272,"column":26},"end":{"line":272,"column":27}},"loc":{"start":{"line":272,"column":44},"end":{"line":309,"column":1}},"line":272},"8":{"name":"(anonymous_8)","decl":{"start":{"line":281,"column":38},"end":{"line":281,"column":39}},"loc":{"start":{"line":281,"column":44},"end":{"line":281,"column":71}},"line":281},"9":{"name":"(anonymous_9)","decl":{"start":{"line":311,"column":24},"end":{"line":311,"column":25}},"loc":{"start":{"line":311,"column":36},"end":{"line":336,"column":1}},"line":311},"10":{"name":"(anonymous_10)","decl":{"start":{"line":338,"column":26},"end":{"line":338,"column":27}},"loc":{"start":{"line":338,"column":67},"end":{"line":385,"column":1}},"line":338}},"branchMap":{"0":{"loc":{"start":{"line":18,"column":8},"end":{"line":31,"column":9}},"type":"if","locations":[{"start":{"line":18,"column":8},"end":{"line":31,"column":9}},{"start":{"line":25,"column":13},"end":{"line":31,"column":9}}],"line":18},"1":{"loc":{"start":{"line":18,"column":12},"end":{"line":18,"column":51}},"type":"binary-expr","locations":[{"start":{"line":18,"column":12},"end":{"line":18,"column":24}},{"start":{"line":18,"column":28},"end":{"line":18,"column":51}}],"line":18},"2":{"loc":{"start":{"line":44,"column":4},"end":{"line":116,"column":5}},"type":"if","locations":[{"start":{"line":44,"column":4},"end":{"line":116,"column":5}},{"start":{"line":84,"column":9},"end":{"line":116,"column":5}}],"line":44},"3":{"loc":{"start":{"line":44,"column":8},"end":{"line":44,"column":21}},"type":"binary-expr","locations":[{"start":{"line":44,"column":8},"end":{"line":44,"column":12}},{"start":{"line":44,"column":16},"end":{"line":44,"column":21}}],"line":44},"4":{"loc":{"start":{"line":51,"column":12},"end":{"line":69,"column":13}},"type":"if","locations":[{"start":{"line":51,"column":12},"end":{"line":69,"column":13}},{"start":{"line":57,"column":17},"end":{"line":69,"column":13}}],"line":51},"5":{"loc":{"start":{"line":51,"column":16},"end":{"line":51,"column":31}},"type":"binary-expr","locations":[{"start":{"line":51,"column":16},"end":{"line":51,"column":22}},{"start":{"line":51,"column":26},"end":{"line":51,"column":31}}],"line":51},"6":{"loc":{"start":{"line":57,"column":17},"end":{"line":69,"column":13}},"type":"if","locations":[{"start":{"line":57,"column":17},"end":{"line":69,"column":13}},{"start":{"line":64,"column":17},"end":{"line":69,"column":13}}],"line":57},"7":{"loc":{"start":{"line":57,"column":21},"end":{"line":57,"column":34}},"type":"binary-expr","locations":[{"start":{"line":57,"column":21},"end":{"line":57,"column":25}},{"start":{"line":57,"column":29},"end":{"line":57,"column":34}}],"line":57},"8":{"loc":{"start":{"line":88,"column":12},"end":{"line":102,"column":28}},"type":"if","locations":[{"start":{"line":88,"column":12},"end":{"line":102,"column":28}},{"start":{"line":93,"column":17},"end":{"line":102,"column":28}}],"line":88},"9":{"loc":{"start":{"line":88,"column":16},"end":{"line":88,"column":31}},"type":"binary-expr","locations":[{"start":{"line":88,"column":16},"end":{"line":88,"column":22}},{"start":{"line":88,"column":26},"end":{"line":88,"column":31}}],"line":88},"10":{"loc":{"start":{"line":90,"column":27},"end":{"line":90,"column":48}},"type":"cond-expr","locations":[{"start":{"line":90,"column":35},"end":{"line":90,"column":41}},{"start":{"line":90,"column":44},"end":{"line":90,"column":48}}],"line":90},"11":{"loc":{"start":{"line":93,"column":17},"end":{"line":102,"column":28}},"type":"if","locations":[{"start":{"line":93,"column":17},"end":{"line":102,"column":28}},{"start":{"line":100,"column":16},"end":{"line":102,"column":28}}],"line":93},"12":{"loc":{"start":{"line":93,"column":21},"end":{"line":93,"column":34}},"type":"binary-expr","locations":[{"start":{"line":93,"column":21},"end":{"line":93,"column":25}},{"start":{"line":93,"column":29},"end":{"line":93,"column":34}}],"line":93},"13":{"loc":{"start":{"line":96,"column":27},"end":{"line":96,"column":48}},"type":"cond-expr","locations":[{"start":{"line":96,"column":35},"end":{"line":96,"column":41}},{"start":{"line":96,"column":44},"end":{"line":96,"column":48}}],"line":96},"14":{"loc":{"start":{"line":101,"column":27},"end":{"line":101,"column":48}},"type":"cond-expr","locations":[{"start":{"line":101,"column":35},"end":{"line":101,"column":41}},{"start":{"line":101,"column":44},"end":{"line":101,"column":48}}],"line":101},"15":{"loc":{"start":{"line":121,"column":8},"end":{"line":127,"column":9}},"type":"if","locations":[{"start":{"line":121,"column":8},"end":{"line":127,"column":9}},{"start":{},"end":{}}],"line":121},"16":{"loc":{"start":{"line":128,"column":8},"end":{"line":134,"column":9}},"type":"if","locations":[{"start":{"line":128,"column":8},"end":{"line":134,"column":9}},{"start":{},"end":{}}],"line":128},"17":{"loc":{"start":{"line":136,"column":8},"end":{"line":148,"column":9}},"type":"if","locations":[{"start":{"line":136,"column":8},"end":{"line":148,"column":9}},{"start":{"line":142,"column":13},"end":{"line":148,"column":9}}],"line":136},"18":{"loc":{"start":{"line":162,"column":8},"end":{"line":168,"column":9}},"type":"if","locations":[{"start":{"line":162,"column":8},"end":{"line":168,"column":9}},{"start":{},"end":{}}],"line":162},"19":{"loc":{"start":{"line":162,"column":12},"end":{"line":162,"column":122}},"type":"binary-expr","locations":[{"start":{"line":162,"column":12},"end":{"line":162,"column":25}},{"start":{"line":162,"column":29},"end":{"line":162,"column":43}},{"start":{"line":162,"column":47},"end":{"line":162,"column":60}},{"start":{"line":162,"column":64},"end":{"line":162,"column":78}},{"start":{"line":162,"column":82},"end":{"line":162,"column":103}},{"start":{"line":162,"column":107},"end":{"line":162,"column":122}}],"line":162},"20":{"loc":{"start":{"line":169,"column":8},"end":{"line":174,"column":9}},"type":"if","locations":[{"start":{"line":169,"column":8},"end":{"line":174,"column":9}},{"start":{},"end":{}}],"line":169},"21":{"loc":{"start":{"line":203,"column":8},"end":{"line":209,"column":9}},"type":"if","locations":[{"start":{"line":203,"column":8},"end":{"line":209,"column":9}},{"start":{},"end":{}}],"line":203},"22":{"loc":{"start":{"line":210,"column":8},"end":{"line":216,"column":9}},"type":"if","locations":[{"start":{"line":210,"column":8},"end":{"line":216,"column":9}},{"start":{},"end":{}}],"line":210},"23":{"loc":{"start":{"line":217,"column":8},"end":{"line":219,"column":9}},"type":"if","locations":[{"start":{"line":217,"column":8},"end":{"line":219,"column":9}},{"start":{},"end":{}}],"line":217},"24":{"loc":{"start":{"line":221,"column":15},"end":{"line":222,"column":63}},"type":"cond-expr","locations":[{"start":{"line":221,"column":31},"end":{"line":221,"column":80}},{"start":{"line":222,"column":14},"end":{"line":222,"column":63}}],"line":221},"25":{"loc":{"start":{"line":236,"column":8},"end":{"line":242,"column":9}},"type":"if","locations":[{"start":{"line":236,"column":8},"end":{"line":242,"column":9}},{"start":{},"end":{}}],"line":236},"26":{"loc":{"start":{"line":243,"column":8},"end":{"line":249,"column":9}},"type":"if","locations":[{"start":{"line":243,"column":8},"end":{"line":249,"column":9}},{"start":{},"end":{}}],"line":243},"27":{"loc":{"start":{"line":251,"column":15},"end":{"line":261,"column":13}},"type":"cond-expr","locations":[{"start":{"line":252,"column":12},"end":{"line":256,"column":13}},{"start":{"line":257,"column":12},"end":{"line":261,"column":13}}],"line":251},"28":{"loc":{"start":{"line":274,"column":8},"end":{"line":280,"column":9}},"type":"if","locations":[{"start":{"line":274,"column":8},"end":{"line":280,"column":9}},{"start":{},"end":{}}],"line":274},"29":{"loc":{"start":{"line":274,"column":12},"end":{"line":274,"column":52}},"type":"binary-expr","locations":[{"start":{"line":274,"column":12},"end":{"line":274,"column":29}},{"start":{"line":274,"column":33},"end":{"line":274,"column":52}}],"line":274},"30":{"loc":{"start":{"line":282,"column":8},"end":{"line":288,"column":9}},"type":"if","locations":[{"start":{"line":282,"column":8},"end":{"line":288,"column":9}},{"start":{},"end":{}}],"line":282},"31":{"loc":{"start":{"line":290,"column":15},"end":{"line":300,"column":13}},"type":"cond-expr","locations":[{"start":{"line":291,"column":12},"end":{"line":295,"column":13}},{"start":{"line":296,"column":12},"end":{"line":300,"column":13}}],"line":290},"32":{"loc":{"start":{"line":314,"column":8},"end":{"line":327,"column":9}},"type":"if","locations":[{"start":{"line":314,"column":8},"end":{"line":327,"column":9}},{"start":{"line":321,"column":13},"end":{"line":327,"column":9}}],"line":314},"33":{"loc":{"start":{"line":314,"column":12},"end":{"line":314,"column":35}},"type":"binary-expr","locations":[{"start":{"line":314,"column":12},"end":{"line":314,"column":16}},{"start":{"line":314,"column":20},"end":{"line":314,"column":35}}],"line":314},"34":{"loc":{"start":{"line":340,"column":8},"end":{"line":345,"column":13}},"type":"if","locations":[{"start":{"line":340,"column":8},"end":{"line":345,"column":13}},{"start":{},"end":{}}],"line":340},"35":{"loc":{"start":{"line":348,"column":8},"end":{"line":375,"column":13}},"type":"if","locations":[{"start":{"line":348,"column":8},"end":{"line":375,"column":13}},{"start":{"line":371,"column":12},"end":{"line":375,"column":13}}],"line":348},"36":{"loc":{"start":{"line":348,"column":12},"end":{"line":348,"column":51}},"type":"binary-expr","locations":[{"start":{"line":348,"column":12},"end":{"line":348,"column":24}},{"start":{"line":348,"column":28},"end":{"line":348,"column":51}}],"line":348},"37":{"loc":{"start":{"line":349,"column":12},"end":{"line":363,"column":13}},"type":"if","locations":[{"start":{"line":349,"column":12},"end":{"line":363,"column":13}},{"start":{},"end":{}}],"line":349},"38":{"loc":{"start":{"line":349,"column":16},"end":{"line":349,"column":29}},"type":"binary-expr","locations":[{"start":{"line":349,"column":16},"end":{"line":349,"column":20}},{"start":{"line":349,"column":24},"end":{"line":349,"column":29}}],"line":349},"39":{"loc":{"start":{"line":352,"column":16},"end":{"line":353,"column":71}},"type":"if","locations":[{"start":{"line":352,"column":16},"end":{"line":353,"column":71}},{"start":{},"end":{}}],"line":352}},"s":{"0":1,"1":1,"2":1,"3":1,"4":0,"5":1,"6":2,"7":2,"8":2,"9":2,"10":1,"11":1,"12":0,"13":0,"14":1,"15":0,"16":0,"17":0,"18":0,"19":0,"20":0,"21":0,"22":0,"23":0,"24":0,"25":0,"26":0,"27":0,"28":0,"29":0,"30":0,"31":0,"32":0,"33":0,"34":0,"35":0,"36":0,"37":0,"38":0,"39":0,"40":1,"41":1,"42":1,"43":0,"44":1,"45":1,"46":0,"47":0,"48":0,"49":0,"50":0,"51":0,"52":1,"53":2,"54":2,"55":1,"56":1,"57":1,"58":0,"59":0,"60":0,"61":0,"62":0,"63":1,"64":0,"65":0,"66":0,"67":0,"68":0,"69":0,"70":0,"71":0,"72":0,"73":0,"74":0,"75":1,"76":2,"77":2,"78":0,"79":2,"80":0,"81":2,"82":2,"83":0,"84":0,"85":1,"86":0,"87":0,"88":0,"89":0,"90":0,"91":0,"92":0,"93":0,"94":0,"95":0,"96":0,"97":1,"98":0,"99":0,"100":0,"101":0,"102":0,"103":0,"104":0,"105":1,"106":0,"107":0,"108":0,"109":0,"110":0,"111":0,"112":0,"113":0,"114":0,"115":0,"116":0,"117":0,"118":0,"119":0,"120":0,"121":0,"122":0,"123":1},"f":{"0":1,"1":2,"2":0,"3":1,"4":2,"5":0,"6":2,"7":0,"8":0,"9":0,"10":0},"b":{"0":[1,1],"1":[2,2],"2":[0,0],"3":[0,0],"4":[0,0],"5":[0,0],"6":[0,0],"7":[0,0],"8":[0,0],"9":[0,0],"10":[0,0],"11":[0,0],"12":[0,0],"13":[0,0],"14":[0,0],"15":[0,1],"16":[1,0],"17":[0,0],"18":[1,1],"19":[2,1,1,1,1,1],"20":[1,0],"21":[0,0],"22":[0,0],"23":[0,0],"24":[0,0],"25":[0,2],"26":[0,2],"27":[1,1],"28":[0,0],"29":[0,0],"30":[0,0],"31":[0,0],"32":[0,0],"33":[0,0],"34":[0,0],"35":[0,0],"36":[0,0],"37":[0,0],"38":[0,0],"39":[0,0]},"_coverageSchema":"1a1c01bbd47fc00a2c39e90264f33305004495a9","hash":"180cdcadc37a139a40e9d2a78ce27f6c555ad822"}
,"C:\\study\\HK2-Nam4\\TichHopNangCao\\BaiTapLon\\MobileStore_BE\\src\\services\\userAPIService.js": {"path":"C:\\study\\HK2-Nam4\\TichHopNangCao\\BaiTapLon\\MobileStore_BE\\src\\services\\userAPIService.js","statementMap":{"0":{"start":{"line":1,"column":0},"end":{"line":1,"column":27}},"1":{"start":{"line":7,"column":25},"end":{"line":9,"column":1}},"2":{"start":{"line":8,"column":4},"end":{"line":8,"column":61}},"3":{"start":{"line":11,"column":26},"end":{"line":18,"column":1}},"4":{"start":{"line":12,"column":4},"end":{"line":17,"column":5}},"5":{"start":{"line":13,"column":21},"end":{"line":13,"column":61}},"6":{"start":{"line":14,"column":8},"end":{"line":14,"column":22}},"7":{"start":{"line":16,"column":8},"end":{"line":16,"column":67}},"8":{"start":{"line":20,"column":26},"end":{"line":27,"column":1}},"9":{"start":{"line":21,"column":4},"end":{"line":26,"column":5}},"10":{"start":{"line":22,"column":21},"end":{"line":22,"column":61}},"11":{"start":{"line":23,"column":8},"end":{"line":23,"column":22}},"12":{"start":{"line":25,"column":8},"end":{"line":25,"column":67}},"13":{"start":{"line":29,"column":24},"end":{"line":87,"column":1}},"14":{"start":{"line":30,"column":4},"end":{"line":86,"column":5}},"15":{"start":{"line":31,"column":8},"end":{"line":37,"column":9}},"16":{"start":{"line":32,"column":12},"end":{"line":36,"column":13}},"17":{"start":{"line":39,"column":25},"end":{"line":39,"column":72}},"18":{"start":{"line":40,"column":8},"end":{"line":45,"column":9}},"19":{"start":{"line":41,"column":12},"end":{"line":44,"column":14}},"20":{"start":{"line":47,"column":8},"end":{"line":52,"column":9}},"21":{"start":{"line":48,"column":12},"end":{"line":51,"column":13}},"22":{"start":{"line":53,"column":8},"end":{"line":58,"column":9}},"23":{"start":{"line":54,"column":12},"end":{"line":57,"column":13}},"24":{"start":{"line":60,"column":8},"end":{"line":66,"column":9}},"25":{"start":{"line":61,"column":12},"end":{"line":65,"column":13}},"26":{"start":{"line":67,"column":24},"end":{"line":72,"column":10}},"27":{"start":{"line":73,"column":8},"end":{"line":73,"column":29}},"28":{"start":{"line":74,"column":8},"end":{"line":78,"column":9}},"29":{"start":{"line":80,"column":8},"end":{"line":80,"column":70}},"30":{"start":{"line":81,"column":8},"end":{"line":85,"column":9}},"31":{"start":{"line":89,"column":18},"end":{"line":137,"column":1}},"32":{"start":{"line":90,"column":4},"end":{"line":136,"column":5}},"33":{"start":{"line":92,"column":8},"end":{"line":128,"column":9}},"34":{"start":{"line":93,"column":25},"end":{"line":95,"column":61}},"35":{"start":{"line":96,"column":12},"end":{"line":120,"column":13}},"36":{"start":{"line":97,"column":16},"end":{"line":119,"column":17}},"37":{"start":{"line":98,"column":20},"end":{"line":98,"column":46}},"38":{"start":{"line":99,"column":20},"end":{"line":104,"column":23}},"39":{"start":{"line":105,"column":20},"end":{"line":111,"column":21}},"40":{"start":{"line":114,"column":20},"end":{"line":118,"column":21}},"41":{"start":{"line":123,"column":12},"end":{"line":127,"column":13}},"42":{"start":{"line":130,"column":8},"end":{"line":130,"column":59}},"43":{"start":{"line":131,"column":8},"end":{"line":135,"column":9}},"44":{"start":{"line":139,"column":19},"end":{"line":162,"column":1}},"45":{"start":{"line":140,"column":4},"end":{"line":161,"column":5}},"46":{"start":{"line":141,"column":8},"end":{"line":147,"column":11}},"47":{"start":{"line":148,"column":8},"end":{"line":152,"column":9}},"48":{"start":{"line":155,"column":8},"end":{"line":155,"column":60}},"49":{"start":{"line":156,"column":8},"end":{"line":160,"column":9}},"50":{"start":{"line":164,"column":20},"end":{"line":190,"column":1}},"51":{"start":{"line":165,"column":20},"end":{"line":165,"column":22}},"52":{"start":{"line":166,"column":4},"end":{"line":189,"column":5}},"53":{"start":{"line":167,"column":8},"end":{"line":167,"column":88}},"54":{"start":{"line":168,"column":8},"end":{"line":181,"column":9}},"55":{"start":{"line":169,"column":12},"end":{"line":173,"column":13}},"56":{"start":{"line":176,"column":12},"end":{"line":180,"column":13}},"57":{"start":{"line":183,"column":8},"end":{"line":183,"column":66}},"58":{"start":{"line":184,"column":8},"end":{"line":188,"column":9}},"59":{"start":{"line":192,"column":26},"end":{"line":231,"column":1}},"60":{"start":{"line":193,"column":4},"end":{"line":230,"column":5}},"61":{"start":{"line":194,"column":8},"end":{"line":200,"column":9}},"62":{"start":{"line":195,"column":12},"end":{"line":199,"column":13}},"63":{"start":{"line":201,"column":8},"end":{"line":207,"column":9}},"64":{"start":{"line":202,"column":12},"end":{"line":206,"column":13}},"65":{"start":{"line":208,"column":21},"end":{"line":208,"column":92}},"66":{"start":{"line":209,"column":8},"end":{"line":221,"column":9}},"67":{"start":{"line":210,"column":12},"end":{"line":214,"column":14}},"68":{"start":{"line":216,"column":12},"end":{"line":220,"column":13}},"69":{"start":{"line":224,"column":8},"end":{"line":224,"column":72}},"70":{"start":{"line":225,"column":8},"end":{"line":229,"column":9}},"71":{"start":{"line":233,"column":24},"end":{"line":262,"column":1}},"72":{"start":{"line":234,"column":4},"end":{"line":261,"column":5}},"73":{"start":{"line":235,"column":8},"end":{"line":241,"column":9}},"74":{"start":{"line":236,"column":12},"end":{"line":240,"column":13}},"75":{"start":{"line":242,"column":8},"end":{"line":247,"column":13}},"76":{"start":{"line":243,"column":12},"end":{"line":247,"column":13}},"77":{"start":{"line":248,"column":8},"end":{"line":252,"column":9}},"78":{"start":{"line":255,"column":8},"end":{"line":255,"column":70}},"79":{"start":{"line":256,"column":8},"end":{"line":260,"column":9}},"80":{"start":{"line":264,"column":19},"end":{"line":315,"column":1}},"81":{"start":{"line":265,"column":4},"end":{"line":314,"column":5}},"82":{"start":{"line":266,"column":8},"end":{"line":272,"column":9}},"83":{"start":{"line":267,"column":12},"end":{"line":271,"column":13}},"84":{"start":{"line":273,"column":8},"end":{"line":279,"column":9}},"85":{"start":{"line":274,"column":12},"end":{"line":278,"column":13}},"86":{"start":{"line":280,"column":21},"end":{"line":280,"column":52}},"87":{"start":{"line":281,"column":8},"end":{"line":306,"column":9}},"88":{"start":{"line":283,"column":12},"end":{"line":289,"column":13}},"89":{"start":{"line":284,"column":16},"end":{"line":288,"column":17}},"90":{"start":{"line":290,"column":32},"end":{"line":290,"column":85}},"91":{"start":{"line":291,"column":12},"end":{"line":298,"column":13}},"92":{"start":{"line":292,"column":73},"end":{"line":292,"column":95}},"93":{"start":{"line":293,"column":16},"end":{"line":297,"column":17}},"94":{"start":{"line":301,"column":12},"end":{"line":305,"column":13}},"95":{"start":{"line":308,"column":8},"end":{"line":308,"column":65}},"96":{"start":{"line":309,"column":8},"end":{"line":313,"column":9}},"97":{"start":{"line":317,"column":19},"end":{"line":356,"column":1}},"98":{"start":{"line":318,"column":4},"end":{"line":355,"column":5}},"99":{"start":{"line":319,"column":8},"end":{"line":325,"column":9}},"100":{"start":{"line":320,"column":12},"end":{"line":324,"column":13}},"101":{"start":{"line":326,"column":8},"end":{"line":332,"column":9}},"102":{"start":{"line":327,"column":12},"end":{"line":331,"column":13}},"103":{"start":{"line":333,"column":28},"end":{"line":333,"column":64}},"104":{"start":{"line":334,"column":8},"end":{"line":347,"column":9}},"105":{"start":{"line":335,"column":12},"end":{"line":339,"column":13}},"106":{"start":{"line":342,"column":12},"end":{"line":346,"column":13}},"107":{"start":{"line":349,"column":8},"end":{"line":349,"column":65}},"108":{"start":{"line":350,"column":8},"end":{"line":354,"column":9}},"109":{"start":{"line":358,"column":0},"end":{"line":361,"column":2}}},"fnMap":{"0":{"name":"(anonymous_0)","decl":{"start":{"line":7,"column":25},"end":{"line":7,"column":26}},"loc":{"start":{"line":7,"column":39},"end":{"line":9,"column":1}},"line":7},"1":{"name":"(anonymous_1)","decl":{"start":{"line":11,"column":26},"end":{"line":11,"column":27}},"loc":{"start":{"line":11,"column":47},"end":{"line":18,"column":1}},"line":11},"2":{"name":"(anonymous_2)","decl":{"start":{"line":20,"column":26},"end":{"line":20,"column":27}},"loc":{"start":{"line":20,"column":47},"end":{"line":27,"column":1}},"line":20},"3":{"name":"(anonymous_3)","decl":{"start":{"line":29,"column":24},"end":{"line":29,"column":25}},"loc":{"start":{"line":29,"column":47},"end":{"line":87,"column":1}},"line":29},"4":{"name":"(anonymous_4)","decl":{"start":{"line":89,"column":18},"end":{"line":89,"column":19}},"loc":{"start":{"line":89,"column":43},"end":{"line":137,"column":1}},"line":89},"5":{"name":"(anonymous_5)","decl":{"start":{"line":139,"column":19},"end":{"line":139,"column":20}},"loc":{"start":{"line":139,"column":34},"end":{"line":162,"column":1}},"line":139},"6":{"name":"(anonymous_6)","decl":{"start":{"line":164,"column":20},"end":{"line":164,"column":21}},"loc":{"start":{"line":164,"column":32},"end":{"line":190,"column":1}},"line":164},"7":{"name":"(anonymous_7)","decl":{"start":{"line":192,"column":26},"end":{"line":192,"column":27}},"loc":{"start":{"line":192,"column":40},"end":{"line":231,"column":1}},"line":192},"8":{"name":"(anonymous_8)","decl":{"start":{"line":233,"column":24},"end":{"line":233,"column":25}},"loc":{"start":{"line":233,"column":41},"end":{"line":262,"column":1}},"line":233},"9":{"name":"(anonymous_9)","decl":{"start":{"line":264,"column":19},"end":{"line":264,"column":20}},"loc":{"start":{"line":264,"column":43},"end":{"line":315,"column":1}},"line":264},"10":{"name":"(anonymous_10)","decl":{"start":{"line":317,"column":19},"end":{"line":317,"column":20}},"loc":{"start":{"line":317,"column":37},"end":{"line":356,"column":1}},"line":317}},"branchMap":{"0":{"loc":{"start":{"line":31,"column":8},"end":{"line":37,"column":9}},"type":"if","locations":[{"start":{"line":31,"column":8},"end":{"line":37,"column":9}},{"start":{},"end":{}}],"line":31},"1":{"loc":{"start":{"line":31,"column":12},"end":{"line":31,"column":98}},"type":"binary-expr","locations":[{"start":{"line":31,"column":12},"end":{"line":31,"column":29}},{"start":{"line":31,"column":33},"end":{"line":31,"column":51}},{"start":{"line":31,"column":55},"end":{"line":31,"column":76}},{"start":{"line":31,"column":80},"end":{"line":31,"column":98}}],"line":31},"2":{"loc":{"start":{"line":40,"column":8},"end":{"line":45,"column":9}},"type":"if","locations":[{"start":{"line":40,"column":8},"end":{"line":45,"column":9}},{"start":{},"end":{}}],"line":40},"3":{"loc":{"start":{"line":47,"column":8},"end":{"line":52,"column":9}},"type":"if","locations":[{"start":{"line":47,"column":8},"end":{"line":52,"column":9}},{"start":{},"end":{}}],"line":47},"4":{"loc":{"start":{"line":53,"column":8},"end":{"line":58,"column":9}},"type":"if","locations":[{"start":{"line":53,"column":8},"end":{"line":58,"column":9}},{"start":{},"end":{}}],"line":53},"5":{"loc":{"start":{"line":60,"column":8},"end":{"line":66,"column":9}},"type":"if","locations":[{"start":{"line":60,"column":8},"end":{"line":66,"column":9}},{"start":{},"end":{}}],"line":60},"6":{"loc":{"start":{"line":60,"column":12},"end":{"line":60,"column":67}},"type":"binary-expr","locations":[{"start":{"line":60,"column":12},"end":{"line":60,"column":32}},{"start":{"line":60,"column":36},"end":{"line":60,"column":67}}],"line":60},"7":{"loc":{"start":{"line":92,"column":8},"end":{"line":128,"column":9}},"type":"if","locations":[{"start":{"line":92,"column":8},"end":{"line":128,"column":9}},{"start":{"line":122,"column":13},"end":{"line":128,"column":9}}],"line":92},"8":{"loc":{"start":{"line":92,"column":12},"end":{"line":92,"column":104}},"type":"binary-expr","locations":[{"start":{"line":92,"column":12},"end":{"line":92,"column":56}},{"start":{"line":92,"column":60},"end":{"line":92,"column":104}}],"line":92},"9":{"loc":{"start":{"line":96,"column":12},"end":{"line":120,"column":13}},"type":"if","locations":[{"start":{"line":96,"column":12},"end":{"line":120,"column":13}},{"start":{},"end":{}}],"line":96},"10":{"loc":{"start":{"line":97,"column":16},"end":{"line":119,"column":17}},"type":"if","locations":[{"start":{"line":97,"column":16},"end":{"line":119,"column":17}},{"start":{"line":113,"column":21},"end":{"line":119,"column":17}}],"line":97},"11":{"loc":{"start":{"line":168,"column":8},"end":{"line":181,"column":9}},"type":"if","locations":[{"start":{"line":168,"column":8},"end":{"line":181,"column":9}},{"start":{"line":175,"column":13},"end":{"line":181,"column":9}}],"line":168},"12":{"loc":{"start":{"line":168,"column":12},"end":{"line":168,"column":45}},"type":"binary-expr","locations":[{"start":{"line":168,"column":12},"end":{"line":168,"column":21}},{"start":{"line":168,"column":25},"end":{"line":168,"column":45}}],"line":168},"13":{"loc":{"start":{"line":194,"column":8},"end":{"line":200,"column":9}},"type":"if","locations":[{"start":{"line":194,"column":8},"end":{"line":200,"column":9}},{"start":{},"end":{}}],"line":194},"14":{"loc":{"start":{"line":201,"column":8},"end":{"line":207,"column":9}},"type":"if","locations":[{"start":{"line":201,"column":8},"end":{"line":207,"column":9}},{"start":{},"end":{}}],"line":201},"15":{"loc":{"start":{"line":209,"column":8},"end":{"line":221,"column":9}},"type":"if","locations":[{"start":{"line":209,"column":8},"end":{"line":221,"column":9}},{"start":{"line":215,"column":13},"end":{"line":221,"column":9}}],"line":209},"16":{"loc":{"start":{"line":235,"column":8},"end":{"line":241,"column":9}},"type":"if","locations":[{"start":{"line":235,"column":8},"end":{"line":241,"column":9}},{"start":{},"end":{}}],"line":235},"17":{"loc":{"start":{"line":242,"column":8},"end":{"line":247,"column":13}},"type":"if","locations":[{"start":{"line":242,"column":8},"end":{"line":247,"column":13}},{"start":{},"end":{}}],"line":242},"18":{"loc":{"start":{"line":266,"column":8},"end":{"line":272,"column":9}},"type":"if","locations":[{"start":{"line":266,"column":8},"end":{"line":272,"column":9}},{"start":{},"end":{}}],"line":266},"19":{"loc":{"start":{"line":273,"column":8},"end":{"line":279,"column":9}},"type":"if","locations":[{"start":{"line":273,"column":8},"end":{"line":279,"column":9}},{"start":{},"end":{}}],"line":273},"20":{"loc":{"start":{"line":281,"column":8},"end":{"line":306,"column":9}},"type":"if","locations":[{"start":{"line":281,"column":8},"end":{"line":306,"column":9}},{"start":{"line":300,"column":13},"end":{"line":306,"column":9}}],"line":281},"21":{"loc":{"start":{"line":283,"column":12},"end":{"line":289,"column":13}},"type":"if","locations":[{"start":{"line":283,"column":12},"end":{"line":289,"column":13}},{"start":{},"end":{}}],"line":283},"22":{"loc":{"start":{"line":291,"column":12},"end":{"line":298,"column":13}},"type":"if","locations":[{"start":{"line":291,"column":12},"end":{"line":298,"column":13}},{"start":{},"end":{}}],"line":291},"23":{"loc":{"start":{"line":319,"column":8},"end":{"line":325,"column":9}},"type":"if","locations":[{"start":{"line":319,"column":8},"end":{"line":325,"column":9}},{"start":{},"end":{}}],"line":319},"24":{"loc":{"start":{"line":326,"column":8},"end":{"line":332,"column":9}},"type":"if","locations":[{"start":{"line":326,"column":8},"end":{"line":332,"column":9}},{"start":{},"end":{}}],"line":326},"25":{"loc":{"start":{"line":334,"column":8},"end":{"line":347,"column":9}},"type":"if","locations":[{"start":{"line":334,"column":8},"end":{"line":347,"column":9}},{"start":{"line":341,"column":13},"end":{"line":347,"column":9}}],"line":334}},"s":{"0":1,"1":1,"2":2,"3":1,"4":9,"5":9,"6":7,"7":2,"8":1,"9":8,"10":8,"11":6,"12":2,"13":1,"14":7,"15":7,"16":1,"17":6,"18":6,"19":1,"20":5,"21":1,"22":4,"23":1,"24":3,"25":1,"26":2,"27":2,"28":2,"29":0,"30":0,"31":1,"32":4,"33":4,"34":2,"35":0,"36":0,"37":0,"38":0,"39":0,"40":0,"41":2,"42":2,"43":2,"44":1,"45":2,"46":2,"47":1,"48":1,"49":1,"50":1,"51":3,"52":3,"53":3,"54":2,"55":1,"56":1,"57":1,"58":1,"59":1,"60":5,"61":5,"62":1,"63":4,"64":1,"65":3,"66":2,"67":1,"68":1,"69":1,"70":1,"71":1,"72":4,"73":4,"74":1,"75":3,"76":1,"77":1,"78":1,"79":1,"80":1,"81":6,"82":6,"83":1,"84":5,"85":0,"86":5,"87":3,"88":2,"89":1,"90":1,"91":1,"92":1,"93":1,"94":1,"95":2,"96":2,"97":1,"98":5,"99":5,"100":1,"101":4,"102":0,"103":4,"104":3,"105":1,"106":2,"107":1,"108":1,"109":1},"f":{"0":2,"1":9,"2":8,"3":7,"4":4,"5":2,"6":3,"7":5,"8":4,"9":6,"10":5},"b":{"0":[1,6],"1":[7,6,6,6],"2":[1,5],"3":[1,4],"4":[1,3],"5":[1,2],"6":[3,3],"7":[2,2],"8":[4,2],"9":[0,0],"10":[0,0],"11":[1,1],"12":[2,2],"13":[1,4],"14":[1,3],"15":[1,1],"16":[1,3],"17":[1,1],"18":[1,5],"19":[0,5],"20":[2,1],"21":[1,1],"22":[1,0],"23":[1,4],"24":[0,4],"25":[1,2]},"_coverageSchema":"1a1c01bbd47fc00a2c39e90264f33305004495a9","hash":"5640363fa943fb6823599fb8ef69f287ac19e083"}
,"C:\\study\\HK2-Nam4\\TichHopNangCao\\BaiTapLon\\MobileStore_BE\\src\\utils\\jwtHelpers.js": {"path":"C:\\study\\HK2-Nam4\\TichHopNangCao\\BaiTapLon\\MobileStore_BE\\src\\utils\\jwtHelpers.js","statementMap":{"0":{"start":{"line":3,"column":0},"end":{"line":3,"column":27}},"1":{"start":{"line":5,"column":35},"end":{"line":16,"column":1}},"2":{"start":{"line":7,"column":4},"end":{"line":15,"column":5}},"3":{"start":{"line":8,"column":26},"end":{"line":8,"column":61}},"4":{"start":{"line":9,"column":8},"end":{"line":10,"column":65}},"5":{"start":{"line":13,"column":8},"end":{"line":13,"column":63}},"6":{"start":{"line":14,"column":8},"end":{"line":14,"column":59}},"7":{"start":{"line":18,"column":36},"end":{"line":28,"column":1}},"8":{"start":{"line":20,"column":4},"end":{"line":27,"column":5}},"9":{"start":{"line":21,"column":26},"end":{"line":21,"column":62}},"10":{"start":{"line":22,"column":8},"end":{"line":22,"column":76}},"11":{"start":{"line":25,"column":8},"end":{"line":25,"column":64}},"12":{"start":{"line":26,"column":8},"end":{"line":26,"column":60}},"13":{"start":{"line":30,"column":38},"end":{"line":40,"column":1}},"14":{"start":{"line":31,"column":4},"end":{"line":39,"column":5}},"15":{"start":{"line":32,"column":8},"end":{"line":35,"column":9}},"16":{"start":{"line":33,"column":42},"end":{"line":33,"column":97}},"17":{"start":{"line":34,"column":12},"end":{"line":34,"column":45}},"18":{"start":{"line":37,"column":8},"end":{"line":37,"column":57}},"19":{"start":{"line":38,"column":8},"end":{"line":38,"column":20}}},"fnMap":{"0":{"name":"(anonymous_0)","decl":{"start":{"line":5,"column":35},"end":{"line":5,"column":36}},"loc":{"start":{"line":5,"column":48},"end":{"line":16,"column":1}},"line":5},"1":{"name":"(anonymous_1)","decl":{"start":{"line":18,"column":36},"end":{"line":18,"column":37}},"loc":{"start":{"line":18,"column":49},"end":{"line":28,"column":1}},"line":18},"2":{"name":"(anonymous_2)","decl":{"start":{"line":30,"column":38},"end":{"line":30,"column":39}},"loc":{"start":{"line":30,"column":49},"end":{"line":40,"column":1}},"line":30}},"branchMap":{"0":{"loc":{"start":{"line":9,"column":15},"end":{"line":10,"column":64}},"type":"cond-expr","locations":[{"start":{"line":9,"column":56},"end":{"line":9,"column":117}},{"start":{"line":10,"column":14},"end":{"line":10,"column":64}}],"line":9},"1":{"loc":{"start":{"line":32,"column":8},"end":{"line":35,"column":9}},"type":"if","locations":[{"start":{"line":32,"column":8},"end":{"line":35,"column":9}},{"start":{},"end":{}}],"line":32}},"s":{"0":1,"1":1,"2":0,"3":0,"4":0,"5":0,"6":0,"7":1,"8":0,"9":0,"10":0,"11":0,"12":0,"13":1,"14":0,"15":0,"16":0,"17":0,"18":0,"19":0},"f":{"0":0,"1":0,"2":0},"b":{"0":[0,0],"1":[0,0]},"_coverageSchema":"1a1c01bbd47fc00a2c39e90264f33305004495a9","hash":"a867849746df9b31c9fd1e8ea440dc0b6edf1802"}
}
