TN:
SF:src\controllers\orderController.js
FN:3,(anonymous_0)
FN:21,(anonymous_1)
FN:39,(anonymous_2)
FN:57,(anonymous_3)
FN:75,(anonymous_4)
FN:93,(anonymous_5)
FNF:6
FNH:6
FNDA:2,(anonymous_0)
FNDA:2,(anonymous_1)
FNDA:2,(anonymous_2)
FNDA:2,(anonymous_3)
FNDA:2,(anonymous_4)
FNDA:3,(anonymous_5)
DA:3,1
DA:4,2
DA:5,2
DA:6,1
DA:12,1
DA:13,1
DA:21,1
DA:22,2
DA:23,2
DA:24,1
DA:30,1
DA:31,1
DA:39,1
DA:40,2
DA:41,2
DA:42,1
DA:48,1
DA:49,1
DA:57,1
DA:58,2
DA:59,2
DA:60,1
DA:66,1
DA:67,1
DA:75,1
DA:76,2
DA:77,2
DA:78,1
DA:84,1
DA:85,1
DA:93,1
DA:94,3
DA:95,3
DA:96,3
DA:97,3
DA:99,3
DA:100,1
DA:107,2
DA:109,1
DA:115,1
DA:116,1
DA:124,1
LF:42
LH:42
BRDA:99,0,0,1
BRDA:99,0,1,2
BRDA:99,1,0,3
BRDA:99,1,1,2
BRDA:99,1,2,2
BRF:5
BRH:5
end_of_record
TN:
SF:src\controllers\paymentController.js
FN:3,(anonymous_0)
FNF:1
FNH:1
FNDA:3,(anonymous_0)
DA:1,1
DA:3,1
DA:4,3
DA:5,3
DA:11,1
DA:12,1
DA:20,1
LF:7
LH:7
BRF:0
BRH:0
end_of_record
TN:
SF:src\controllers\productController.js
FN:3,(anonymous_0)
FN:44,(anonymous_1)
FN:62,(anonymous_2)
FN:80,(anonymous_3)
FN:98,(anonymous_4)
FN:116,(anonymous_5)
FN:134,(anonymous_6)
FN:152,(anonymous_7)
FNF:8
FNH:8
FNDA:4,(anonymous_0)
FNDA:2,(anonymous_1)
FNDA:2,(anonymous_2)
FNDA:2,(anonymous_3)
FNDA:2,(anonymous_4)
FNDA:2,(anonymous_5)
FNDA:2,(anonymous_6)
FNDA:2,(anonymous_7)
DA:3,1
DA:4,4
DA:5,4
DA:6,1
DA:7,1
DA:8,1
DA:15,3
DA:16,3
DA:17,1
DA:18,1
DA:25,2
DA:26,1
DA:35,1
DA:36,1
DA:44,1
DA:45,2
DA:46,2
DA:47,1
DA:53,1
DA:54,1
DA:62,1
DA:63,2
DA:64,2
DA:65,1
DA:71,1
DA:72,1
DA:80,1
DA:81,2
DA:82,2
DA:83,1
DA:89,1
DA:90,1
DA:98,1
DA:99,2
DA:100,2
DA:101,1
DA:107,1
DA:108,1
DA:116,1
DA:117,2
DA:118,2
DA:119,1
DA:125,1
DA:126,1
DA:134,1
DA:135,2
DA:136,2
DA:137,1
DA:143,1
DA:144,1
DA:152,1
DA:153,2
DA:154,2
DA:155,2
DA:156,2
DA:157,1
DA:163,1
DA:164,1
DA:172,1
LF:59
LH:59
BRDA:5,0,0,1
BRDA:5,0,1,3
BRDA:5,1,0,4
BRDA:5,1,1,1
BRDA:16,2,0,1
BRDA:16,2,1,2
BRF:6
BRH:6
end_of_record
TN:
SF:src\controllers\userController.js
FN:3,(anonymous_0)
FN:22,(anonymous_1)
FN:40,(anonymous_2)
FN:59,(anonymous_3)
FN:77,(anonymous_4)
FN:95,(anonymous_5)
FN:120,(anonymous_6)
FN:138,(anonymous_7)
FNF:8
FNH:8
FNDA:2,(anonymous_0)
FNDA:2,(anonymous_1)
FNDA:2,(anonymous_2)
FNDA:2,(anonymous_3)
FNDA:2,(anonymous_4)
FNDA:3,(anonymous_5)
FNDA:2,(anonymous_6)
FNDA:2,(anonymous_7)
DA:3,1
DA:4,2
DA:5,2
DA:6,1
DA:13,1
DA:14,1
DA:22,1
DA:23,2
DA:24,2
DA:25,1
DA:31,1
DA:32,1
DA:40,1
DA:41,2
DA:42,2
DA:43,1
DA:50,1
DA:51,1
DA:59,1
DA:60,2
DA:61,2
DA:62,1
DA:68,1
DA:69,1
DA:77,1
DA:78,2
DA:79,2
DA:80,1
DA:86,1
DA:87,1
DA:95,1
DA:96,3
DA:97,3
DA:98,1
DA:103,2
DA:104,2
DA:105,1
DA:111,1
DA:112,1
DA:120,1
DA:121,2
DA:122,2
DA:123,1
DA:129,1
DA:130,1
DA:138,1
DA:139,2
DA:140,2
DA:141,1
DA:147,1
DA:148,1
DA:156,1
LF:52
LH:52
BRDA:97,0,0,1
BRDA:97,0,1,2
BRF:2
BRH:2
end_of_record
TN:
SF:src\models\OrderProduct.js
FNF:0
FNH:0
DA:3,2
DA:58,2
LF:2
LH:2
BRF:0
BRH:0
end_of_record
TN:
SF:src\models\ProductModel.js
FNF:0
FNH:0
DA:3,4
DA:25,4
DA:26,4
LF:3
LH:3
BRF:0
BRH:0
end_of_record
TN:
SF:src\models\UserModel.js
FNF:0
FNH:0
DA:3,4
DA:19,4
DA:20,4
LF:3
LH:3
BRF:0
BRH:0
end_of_record
TN:
SF:src\services\emailAPIService.js
FN:4,(anonymous_0)
FN:27,(anonymous_1)
FNF:2
FNH:2
FNDA:3,(anonymous_0)
FNDA:2,(anonymous_1)
DA:1,3
DA:4,3
DA:5,3
DA:27,3
DA:29,2
DA:39,2
DA:95,3
LF:7
LH:7
BRDA:18,0,0,2
BRDA:18,0,1,1
BRDA:19,1,0,2
BRDA:19,1,1,1
BRDA:20,2,0,2
BRDA:20,2,1,1
BRF:6
BRH:6
end_of_record
TN:
SF:src\services\orderAPIService.js
FN:8,(anonymous_0)
FN:33,(anonymous_1)
FN:75,(anonymous_2)
FN:76,(anonymous_3)
FN:119,(anonymous_4)
FN:138,(anonymous_5)
FN:164,(anonymous_6)
FN:213,(anonymous_7)
FNF:8
FNH:8
FNDA:3,(anonymous_0)
FNDA:5,(anonymous_1)
FNDA:8,(anonymous_2)
FNDA:5,(anonymous_3)
FNDA:5,(anonymous_4)
FNDA:6,(anonymous_5)
FNDA:6,(anonymous_6)
FNDA:8,(anonymous_7)
DA:8,2
DA:9,3
DA:10,3
DA:11,2
DA:12,1
DA:18,1
DA:24,1
DA:25,1
DA:33,2
DA:34,5
DA:38,5
DA:40,5
DA:42,1
DA:49,4
DA:51,4
DA:52,8
DA:53,8
DA:54,0
DA:56,8
DA:57,8
DA:68,8
DA:70,0
DA:71,0
DA:75,8
DA:76,5
DA:78,4
DA:79,1
DA:86,3
DA:98,3
DA:99,3
DA:100,2
DA:102,2
DA:110,1
DA:111,1
DA:119,2
DA:120,5
DA:121,5
DA:122,4
DA:124,3
DA:125,2
DA:129,1
DA:130,1
DA:138,2
DA:139,6
DA:140,6
DA:141,1
DA:143,5
DA:144,1
DA:146,4
DA:147,3
DA:151,3
DA:155,1
DA:156,1
DA:164,2
DA:165,6
DA:166,6
DA:167,1
DA:169,5
DA:170,1
DA:172,4
DA:173,3
DA:177,3
DA:178,2
DA:179,2
DA:180,3
DA:181,3
DA:183,3
DA:184,3
DA:195,0
DA:200,3
DA:204,1
DA:205,1
DA:213,2
DA:214,8
DA:216,8
DA:217,1
DA:225,7
DA:226,1
DA:234,6
DA:235,5
DA:236,1
DA:244,4
DA:245,4
DA:246,1
DA:254,3
DA:255,3
DA:256,3
DA:258,1
DA:259,1
DA:261,1
DA:262,1
DA:264,1
DA:265,1
DA:267,0
DA:268,0
DA:272,3
DA:276,3
DA:282,3
DA:286,1
DA:287,1
DA:297,2
LF:101
LH:95
BRDA:11,0,0,1
BRDA:11,0,1,1
BRDA:37,1,0,1
BRDA:37,2,0,1
BRDA:40,3,0,1
BRDA:40,3,1,4
BRDA:40,4,0,5
BRDA:40,4,1,4
BRDA:40,4,2,4
BRDA:40,4,3,4
BRDA:40,4,4,4
BRDA:40,4,5,4
BRDA:40,4,6,4
BRDA:40,4,7,4
BRDA:40,4,8,4
BRDA:40,4,9,4
BRDA:40,4,10,4
BRDA:53,5,0,0
BRDA:53,5,1,8
BRDA:53,6,0,8
BRDA:53,6,1,8
BRDA:68,7,0,3
BRDA:68,7,1,5
BRDA:78,8,0,1
BRDA:78,8,1,3
BRDA:103,9,0,1
BRDA:103,9,1,1
BRDA:121,10,0,1
BRDA:121,10,1,4
BRDA:122,11,0,1
BRDA:122,11,1,3
BRDA:125,12,0,1
BRDA:125,12,1,1
BRDA:140,13,0,1
BRDA:140,13,1,5
BRDA:140,14,0,6
BRDA:140,14,1,5
BRDA:143,15,0,1
BRDA:143,15,1,4
BRDA:143,16,0,5
BRDA:143,16,1,4
BRDA:147,17,0,2
BRDA:147,17,1,1
BRDA:151,18,0,2
BRDA:151,18,1,1
BRDA:166,19,0,1
BRDA:166,19,1,5
BRDA:166,20,0,6
BRDA:166,20,1,5
BRDA:169,21,0,1
BRDA:169,21,1,4
BRDA:169,22,0,5
BRDA:169,22,1,4
BRDA:173,23,0,2
BRDA:173,23,1,1
BRDA:177,24,0,2
BRDA:177,24,1,1
BRDA:181,25,0,0
BRDA:181,25,1,3
BRDA:181,26,0,3
BRDA:181,26,1,3
BRDA:200,27,0,2
BRDA:200,27,1,1
BRDA:216,28,0,1
BRDA:216,28,1,7
BRDA:216,29,0,8
BRDA:216,29,1,7
BRDA:216,29,2,7
BRDA:225,30,0,1
BRDA:225,30,1,6
BRDA:225,31,0,7
BRDA:225,31,1,6
BRDA:235,32,0,1
BRDA:235,32,1,4
BRDA:245,33,0,1
BRDA:245,33,1,3
BRDA:256,34,0,1
BRDA:256,34,1,1
BRDA:256,34,2,1
BRDA:256,34,3,0
BRDA:272,35,0,2
BRDA:272,35,1,1
BRDA:282,36,0,2
BRDA:282,36,1,1
BRF:84
BRH:81
end_of_record
TN:
SF:src\services\productAPIService.js
FN:5,(anonymous_0)
FN:14,(anonymous_1)
FN:43,(anonymous_2)
FN:119,(anonymous_3)
FN:160,(anonymous_4)
FN:201,(anonymous_5)
FN:234,(anonymous_6)
FN:272,(anonymous_7)
FN:281,(anonymous_8)
FN:311,(anonymous_9)
FN:338,(anonymous_10)
FNF:11
FNH:11
FNDA:8,(anonymous_0)
FNDA:3,(anonymous_1)
FNDA:8,(anonymous_2)
FNDA:5,(anonymous_3)
FNDA:5,(anonymous_4)
FNDA:7,(anonymous_5)
FNDA:5,(anonymous_6)
FNDA:5,(anonymous_7)
FNDA:4,(anonymous_8)
FNDA:3,(anonymous_9)
FNDA:6,(anonymous_10)
DA:5,2
DA:6,8
DA:7,8
DA:8,8
DA:10,0
DA:14,2
DA:15,3
DA:16,3
DA:17,3
DA:18,2
DA:19,1
DA:26,1
DA:33,1
DA:34,1
DA:43,2
DA:44,8
DA:45,6
DA:46,6
DA:47,6
DA:48,4
DA:50,4
DA:51,4
DA:52,1
DA:57,3
DA:58,1
DA:65,2
DA:70,4
DA:76,2
DA:77,2
DA:85,2
DA:86,2
DA:87,2
DA:88,2
DA:89,0
DA:93,2
DA:94,1
DA:100,1
DA:103,2
DA:109,0
DA:110,0
DA:119,2
DA:120,5
DA:121,5
DA:122,1
DA:128,4
DA:129,1
DA:135,3
DA:136,2
DA:137,1
DA:143,1
DA:151,1
DA:152,1
DA:160,2
DA:161,5
DA:162,5
DA:163,2
DA:169,3
DA:170,1
DA:175,2
DA:185,2
DA:186,1
DA:192,1
DA:193,1
DA:201,2
DA:202,7
DA:203,7
DA:204,1
DA:210,6
DA:211,1
DA:217,5
DA:218,1
DA:220,4
DA:221,3
DA:225,1
DA:226,1
DA:234,2
DA:235,5
DA:236,5
DA:237,1
DA:243,4
DA:244,1
DA:250,3
DA:251,2
DA:263,1
DA:264,1
DA:272,2
DA:273,5
DA:274,5
DA:275,1
DA:281,4
DA:282,4
DA:283,1
DA:289,3
DA:290,2
DA:302,1
DA:303,1
DA:311,2
DA:312,3
DA:313,3
DA:314,2
DA:315,1
DA:322,1
DA:329,1
DA:330,1
DA:338,2
DA:339,6
DA:340,6
DA:341,1
DA:346,5
DA:347,5
DA:348,4
DA:349,3
DA:350,2
DA:351,2
DA:352,2
DA:353,2
DA:354,2
DA:358,2
DA:364,1
DA:371,1
DA:378,1
DA:379,1
DA:387,2
LF:123
LH:119
BRDA:18,0,0,1
BRDA:18,0,1,1
BRDA:18,1,0,2
BRDA:18,1,1,2
BRDA:44,2,0,6
BRDA:44,2,1,2
BRDA:44,3,0,8
BRDA:44,3,1,6
BRDA:51,4,0,1
BRDA:51,4,1,3
BRDA:51,5,0,4
BRDA:51,5,1,1
BRDA:57,6,0,1
BRDA:57,6,1,2
BRDA:57,7,0,3
BRDA:57,7,1,1
BRDA:88,8,0,0
BRDA:88,8,1,2
BRDA:88,9,0,2
BRDA:88,9,1,0
BRDA:90,10,0,0
BRDA:90,10,1,0
BRDA:93,11,0,1
BRDA:93,11,1,1
BRDA:93,12,0,2
BRDA:93,12,1,1
BRDA:96,13,0,0
BRDA:96,13,1,1
BRDA:101,14,0,0
BRDA:101,14,1,1
BRDA:121,15,0,1
BRDA:121,15,1,4
BRDA:128,16,0,1
BRDA:128,16,1,3
BRDA:136,17,0,1
BRDA:136,17,1,1
BRDA:162,18,0,2
BRDA:162,18,1,3
BRDA:162,19,0,5
BRDA:162,19,1,4
BRDA:162,19,2,3
BRDA:162,19,3,3
BRDA:162,19,4,3
BRDA:162,19,5,3
BRDA:169,20,0,1
BRDA:169,20,1,2
BRDA:203,21,0,1
BRDA:203,21,1,6
BRDA:210,22,0,1
BRDA:210,22,1,5
BRDA:217,23,0,1
BRDA:217,23,1,4
BRDA:221,24,0,2
BRDA:221,24,1,1
BRDA:236,25,0,1
BRDA:236,25,1,4
BRDA:243,26,0,1
BRDA:243,26,1,3
BRDA:251,27,0,1
BRDA:251,27,1,1
BRDA:274,28,0,1
BRDA:274,28,1,4
BRDA:274,29,0,5
BRDA:274,29,1,4
BRDA:282,30,0,1
BRDA:282,30,1,3
BRDA:290,31,0,1
BRDA:290,31,1,1
BRDA:314,32,0,1
BRDA:314,32,1,1
BRDA:314,33,0,2
BRDA:314,33,1,2
BRDA:340,34,0,1
BRDA:340,34,1,5
BRDA:348,35,0,3
BRDA:348,35,1,1
BRDA:348,36,0,4
BRDA:348,36,1,4
BRDA:349,37,0,2
BRDA:349,37,1,1
BRDA:349,38,0,3
BRDA:349,38,1,2
BRDA:352,39,0,2
BRDA:352,39,1,0
BRF:84
BRH:77
end_of_record
TN:
SF:src\services\userAPIService.js
FN:9,(anonymous_0)
FN:13,(anonymous_1)
FN:22,(anonymous_2)
FN:31,(anonymous_3)
FN:91,(anonymous_4)
FN:141,(anonymous_5)
FN:166,(anonymous_6)
FN:194,(anonymous_7)
FN:235,(anonymous_8)
FN:266,(anonymous_9)
FN:319,(anonymous_10)
FNF:11
FNH:11
FNDA:2,(anonymous_0)
FNDA:9,(anonymous_1)
FNDA:7,(anonymous_2)
FNDA:7,(anonymous_3)
FNDA:4,(anonymous_4)
FNDA:2,(anonymous_5)
FNDA:3,(anonymous_6)
FNDA:5,(anonymous_7)
FNDA:4,(anonymous_8)
FNDA:6,(anonymous_9)
FNDA:5,(anonymous_10)
DA:1,2
DA:9,2
DA:10,2
DA:13,2
DA:14,9
DA:15,9
DA:16,9
DA:18,0
DA:22,2
DA:23,7
DA:24,7
DA:25,7
DA:27,0
DA:31,2
DA:32,7
DA:33,7
DA:34,1
DA:41,6
DA:42,6
DA:43,1
DA:49,5
DA:50,1
DA:55,4
DA:56,1
DA:62,3
DA:63,1
DA:69,2
DA:75,2
DA:76,1
DA:83,1
DA:91,2
DA:92,4
DA:94,4
DA:95,3
DA:98,2
DA:99,2
DA:100,1
DA:101,1
DA:107,0
DA:116,1
DA:125,1
DA:132,2
DA:133,2
DA:141,2
DA:142,2
DA:143,2
DA:150,1
DA:157,1
DA:158,1
DA:166,2
DA:167,3
DA:168,3
DA:169,3
DA:170,2
DA:171,1
DA:178,1
DA:185,1
DA:186,1
DA:194,2
DA:195,5
DA:196,5
DA:197,1
DA:203,4
DA:204,1
DA:210,3
DA:211,2
DA:212,1
DA:218,1
DA:226,1
DA:227,1
DA:235,2
DA:236,4
DA:237,4
DA:238,1
DA:244,3
DA:245,0
DA:250,3
DA:257,0
DA:258,0
DA:266,2
DA:267,6
DA:268,6
DA:269,1
DA:275,5
DA:276,1
DA:282,4
DA:283,3
DA:285,2
DA:286,1
DA:292,1
DA:293,1
DA:294,1
DA:295,1
DA:303,1
DA:310,1
DA:311,1
DA:319,2
DA:320,5
DA:321,5
DA:322,1
DA:328,4
DA:329,1
DA:335,3
DA:336,2
DA:337,1
DA:344,1
DA:351,1
DA:352,1
DA:360,2
LF:109
LH:103
BRDA:33,0,0,1
BRDA:33,0,1,6
BRDA:33,1,0,7
BRDA:33,1,1,6
BRDA:33,1,2,6
BRDA:33,1,3,6
BRDA:42,2,0,1
BRDA:42,2,1,5
BRDA:49,3,0,1
BRDA:49,3,1,4
BRDA:55,4,0,1
BRDA:55,4,1,3
BRDA:62,5,0,1
BRDA:62,5,1,2
BRDA:62,6,0,3
BRDA:62,6,1,3
BRDA:94,7,0,3
BRDA:94,7,1,1
BRDA:94,8,0,4
BRDA:94,8,1,1
BRDA:98,9,0,2
BRDA:98,9,1,0
BRDA:99,10,0,1
BRDA:99,10,1,1
BRDA:170,11,0,1
BRDA:170,11,1,1
BRDA:170,12,0,2
BRDA:170,12,1,2
BRDA:196,13,0,1
BRDA:196,13,1,4
BRDA:203,14,0,1
BRDA:203,14,1,3
BRDA:211,15,0,1
BRDA:211,15,1,1
BRDA:237,16,0,1
BRDA:237,16,1,3
BRDA:244,17,0,0
BRDA:244,17,1,3
BRDA:268,18,0,1
BRDA:268,18,1,5
BRDA:275,19,0,1
BRDA:275,19,1,4
BRDA:283,20,0,2
BRDA:283,20,1,1
BRDA:285,21,0,1
BRDA:285,21,1,1
BRDA:293,22,0,1
BRDA:293,22,1,0
BRDA:321,23,0,1
BRDA:321,23,1,4
BRDA:328,24,0,1
BRDA:328,24,1,3
BRDA:336,25,0,1
BRDA:336,25,1,1
BRF:54
BRH:51
end_of_record
TN:
SF:src\utils\jwtHelpers.js
FN:5,(anonymous_0)
FN:18,(anonymous_1)
FN:30,(anonymous_2)
FNF:3
FNH:3
FNDA:4,(anonymous_0)
FNDA:3,(anonymous_1)
FNDA:6,(anonymous_2)
DA:3,4
DA:5,4
DA:7,4
DA:8,4
DA:9,4
DA:13,1
DA:14,1
DA:18,4
DA:20,3
DA:21,3
DA:22,3
DA:25,2
DA:26,2
DA:30,4
DA:31,6
DA:32,6
DA:33,5
DA:34,1
DA:37,4
DA:38,4
LF:20
LH:20
BRDA:9,0,0,1
BRDA:9,0,1,3
BRDA:32,1,0,5
BRDA:32,1,1,1
BRF:4
BRH:4
end_of_record
