TN:
SF:src\models\ProductModel.js
FNF:0
FNH:0
DA:3,1
DA:25,1
DA:26,1
LF:3
LH:3
BRF:0
BRH:0
end_of_record
TN:
SF:src\models\UserModel.js
FNF:0
FNH:0
DA:3,1
DA:19,1
DA:20,1
LF:3
LH:3
BRF:0
BRH:0
end_of_record
TN:
SF:src\services\productAPIService.js
FN:5,(anonymous_0)
FN:14,(anonymous_1)
FN:43,(anonymous_2)
FN:119,(anonymous_3)
FN:160,(anonymous_4)
FN:201,(anonymous_5)
FN:234,(anonymous_6)
FN:272,(anonymous_7)
FN:281,(anonymous_8)
FN:311,(anonymous_9)
FN:338,(anonymous_10)
FNF:11
FNH:5
FNDA:1,(anonymous_0)
FNDA:2,(anonymous_1)
FNDA:0,(anonymous_2)
FNDA:1,(anonymous_3)
FNDA:2,(anonymous_4)
FNDA:0,(anonymous_5)
FNDA:2,(anonymous_6)
FNDA:0,(anonymous_7)
FNDA:0,(anonymous_8)
FNDA:0,(anonymous_9)
FNDA:0,(anonymous_10)
DA:5,1
DA:6,1
DA:7,1
DA:8,1
DA:10,0
DA:14,1
DA:15,2
DA:16,2
DA:17,2
DA:18,2
DA:19,1
DA:26,1
DA:33,0
DA:34,0
DA:43,1
DA:44,0
DA:45,0
DA:46,0
DA:47,0
DA:48,0
DA:50,0
DA:51,0
DA:52,0
DA:57,0
DA:58,0
DA:65,0
DA:70,0
DA:76,0
DA:77,0
DA:85,0
DA:86,0
DA:87,0
DA:88,0
DA:89,0
DA:93,0
DA:94,0
DA:100,0
DA:103,0
DA:109,0
DA:110,0
DA:119,1
DA:120,1
DA:121,1
DA:122,0
DA:128,1
DA:129,1
DA:135,0
DA:136,0
DA:137,0
DA:143,0
DA:151,0
DA:152,0
DA:160,1
DA:161,2
DA:162,2
DA:163,1
DA:169,1
DA:170,1
DA:175,0
DA:185,0
DA:186,0
DA:192,0
DA:193,0
DA:201,1
DA:202,0
DA:203,0
DA:204,0
DA:210,0
DA:211,0
DA:217,0
DA:218,0
DA:220,0
DA:221,0
DA:225,0
DA:226,0
DA:234,1
DA:235,2
DA:236,2
DA:237,0
DA:243,2
DA:244,0
DA:250,2
DA:251,2
DA:263,0
DA:264,0
DA:272,1
DA:273,0
DA:274,0
DA:275,0
DA:281,0
DA:282,0
DA:283,0
DA:289,0
DA:290,0
DA:302,0
DA:303,0
DA:311,1
DA:312,0
DA:313,0
DA:314,0
DA:315,0
DA:322,0
DA:329,0
DA:330,0
DA:338,1
DA:339,0
DA:340,0
DA:341,0
DA:346,0
DA:347,0
DA:348,0
DA:349,0
DA:350,0
DA:351,0
DA:352,0
DA:353,0
DA:354,0
DA:358,0
DA:364,0
DA:371,0
DA:378,0
DA:379,0
DA:387,1
LF:123
LH:34
BRDA:18,0,0,1
BRDA:18,0,1,1
BRDA:18,1,0,2
BRDA:18,1,1,2
BRDA:44,2,0,0
BRDA:44,2,1,0
BRDA:44,3,0,0
BRDA:44,3,1,0
BRDA:51,4,0,0
BRDA:51,4,1,0
BRDA:51,5,0,0
BRDA:51,5,1,0
BRDA:57,6,0,0
BRDA:57,6,1,0
BRDA:57,7,0,0
BRDA:57,7,1,0
BRDA:88,8,0,0
BRDA:88,8,1,0
BRDA:88,9,0,0
BRDA:88,9,1,0
BRDA:90,10,0,0
BRDA:90,10,1,0
BRDA:93,11,0,0
BRDA:93,11,1,0
BRDA:93,12,0,0
BRDA:93,12,1,0
BRDA:96,13,0,0
BRDA:96,13,1,0
BRDA:101,14,0,0
BRDA:101,14,1,0
BRDA:121,15,0,0
BRDA:121,15,1,1
BRDA:128,16,0,1
BRDA:128,16,1,0
BRDA:136,17,0,0
BRDA:136,17,1,0
BRDA:162,18,0,1
BRDA:162,18,1,1
BRDA:162,19,0,2
BRDA:162,19,1,1
BRDA:162,19,2,1
BRDA:162,19,3,1
BRDA:162,19,4,1
BRDA:162,19,5,1
BRDA:169,20,0,1
BRDA:169,20,1,0
BRDA:203,21,0,0
BRDA:203,21,1,0
BRDA:210,22,0,0
BRDA:210,22,1,0
BRDA:217,23,0,0
BRDA:217,23,1,0
BRDA:221,24,0,0
BRDA:221,24,1,0
BRDA:236,25,0,0
BRDA:236,25,1,2
BRDA:243,26,0,0
BRDA:243,26,1,2
BRDA:251,27,0,1
BRDA:251,27,1,1
BRDA:274,28,0,0
BRDA:274,28,1,0
BRDA:274,29,0,0
BRDA:274,29,1,0
BRDA:282,30,0,0
BRDA:282,30,1,0
BRDA:290,31,0,0
BRDA:290,31,1,0
BRDA:314,32,0,0
BRDA:314,32,1,0
BRDA:314,33,0,0
BRDA:314,33,1,0
BRDA:340,34,0,0
BRDA:340,34,1,0
BRDA:348,35,0,0
BRDA:348,35,1,0
BRDA:348,36,0,0
BRDA:348,36,1,0
BRDA:349,37,0,0
BRDA:349,37,1,0
BRDA:349,38,0,0
BRDA:349,38,1,0
BRDA:352,39,0,0
BRDA:352,39,1,0
BRF:84
BRH:19
end_of_record
TN:
SF:src\services\userAPIService.js
FN:7,(anonymous_0)
FN:11,(anonymous_1)
FN:20,(anonymous_2)
FN:29,(anonymous_3)
FN:89,(anonymous_4)
FN:139,(anonymous_5)
FN:164,(anonymous_6)
FN:192,(anonymous_7)
FN:233,(anonymous_8)
FN:264,(anonymous_9)
FN:317,(anonymous_10)
FNF:11
FNH:11
FNDA:2,(anonymous_0)
FNDA:9,(anonymous_1)
FNDA:8,(anonymous_2)
FNDA:7,(anonymous_3)
FNDA:4,(anonymous_4)
FNDA:2,(anonymous_5)
FNDA:3,(anonymous_6)
FNDA:5,(anonymous_7)
FNDA:4,(anonymous_8)
FNDA:6,(anonymous_9)
FNDA:5,(anonymous_10)
DA:1,1
DA:7,1
DA:8,2
DA:11,1
DA:12,9
DA:13,9
DA:14,7
DA:16,2
DA:20,1
DA:21,8
DA:22,8
DA:23,6
DA:25,2
DA:29,1
DA:30,7
DA:31,7
DA:32,1
DA:39,6
DA:40,6
DA:41,1
DA:47,5
DA:48,1
DA:53,4
DA:54,1
DA:60,3
DA:61,1
DA:67,2
DA:73,2
DA:74,2
DA:80,0
DA:81,0
DA:89,1
DA:90,4
DA:92,4
DA:93,2
DA:96,0
DA:97,0
DA:98,0
DA:99,0
DA:105,0
DA:114,0
DA:123,2
DA:130,2
DA:131,2
DA:139,1
DA:140,2
DA:141,2
DA:148,1
DA:155,1
DA:156,1
DA:164,1
DA:165,3
DA:166,3
DA:167,3
DA:168,2
DA:169,1
DA:176,1
DA:183,1
DA:184,1
DA:192,1
DA:193,5
DA:194,5
DA:195,1
DA:201,4
DA:202,1
DA:208,3
DA:209,2
DA:210,1
DA:216,1
DA:224,1
DA:225,1
DA:233,1
DA:234,4
DA:235,4
DA:236,1
DA:242,3
DA:243,1
DA:248,1
DA:255,1
DA:256,1
DA:264,1
DA:265,6
DA:266,6
DA:267,1
DA:273,5
DA:274,0
DA:280,5
DA:281,3
DA:283,2
DA:284,1
DA:290,1
DA:291,1
DA:292,1
DA:293,1
DA:301,1
DA:308,2
DA:309,2
DA:317,1
DA:318,5
DA:319,5
DA:320,1
DA:326,4
DA:327,0
DA:333,4
DA:334,3
DA:335,1
DA:342,2
DA:349,1
DA:350,1
DA:358,1
LF:110
LH:100
BRDA:31,0,0,1
BRDA:31,0,1,6
BRDA:31,1,0,7
BRDA:31,1,1,6
BRDA:31,1,2,6
BRDA:31,1,3,6
BRDA:40,2,0,1
BRDA:40,2,1,5
BRDA:47,3,0,1
BRDA:47,3,1,4
BRDA:53,4,0,1
BRDA:53,4,1,3
BRDA:60,5,0,1
BRDA:60,5,1,2
BRDA:60,6,0,3
BRDA:60,6,1,3
BRDA:92,7,0,2
BRDA:92,7,1,2
BRDA:92,8,0,4
BRDA:92,8,1,2
BRDA:96,9,0,0
BRDA:96,9,1,0
BRDA:97,10,0,0
BRDA:97,10,1,0
BRDA:168,11,0,1
BRDA:168,11,1,1
BRDA:168,12,0,2
BRDA:168,12,1,2
BRDA:194,13,0,1
BRDA:194,13,1,4
BRDA:201,14,0,1
BRDA:201,14,1,3
BRDA:209,15,0,1
BRDA:209,15,1,1
BRDA:235,16,0,1
BRDA:235,16,1,3
BRDA:242,17,0,1
BRDA:242,17,1,1
BRDA:266,18,0,1
BRDA:266,18,1,5
BRDA:273,19,0,0
BRDA:273,19,1,5
BRDA:281,20,0,2
BRDA:281,20,1,1
BRDA:283,21,0,1
BRDA:283,21,1,1
BRDA:291,22,0,1
BRDA:291,22,1,0
BRDA:319,23,0,1
BRDA:319,23,1,4
BRDA:326,24,0,0
BRDA:326,24,1,4
BRDA:334,25,0,1
BRDA:334,25,1,2
BRF:54
BRH:47
end_of_record
TN:
SF:src\utils\jwtHelpers.js
FN:5,(anonymous_0)
FN:18,(anonymous_1)
FN:30,(anonymous_2)
FNF:3
FNH:0
FNDA:0,(anonymous_0)
FNDA:0,(anonymous_1)
FNDA:0,(anonymous_2)
DA:3,1
DA:5,1
DA:7,0
DA:8,0
DA:9,0
DA:13,0
DA:14,0
DA:18,1
DA:20,0
DA:21,0
DA:22,0
DA:25,0
DA:26,0
DA:30,1
DA:31,0
DA:32,0
DA:33,0
DA:34,0
DA:37,0
DA:38,0
LF:20
LH:4
BRDA:9,0,0,0
BRDA:9,0,1,0
BRDA:32,1,0,0
BRDA:32,1,1,0
BRF:4
BRH:0
end_of_record
